  {
    "timestamp": "2026-03-26 11:38:54",
    "computer_name": "DESKTOP-NIOUKC3",
    "session_token": "DESKTOP-NIOUKC3_2026-03-26_22-43-39",
    "type": "windows_event",
    "data": {
      "log": "application",
      "event_id": 1073742827,
      "source": "Software Protection Platform Service",
      "severity": "info",
      "event_type": "info",
      "message": "Служба защиты программного обеспечения завершила проверку состояния лицензирования.\r\nИдентификатор приложения=0ff1ce15-a989-479d-af46-f275c6370663\r\nСостояние лицензирования=\n1: 284d39db-a9ac-4ed9-9607-db15e70e8b01, 1, 0 [(0 [0xC004F014, 0, 0], [(?)(?)(?)(?)(?)(?)(?)(?)])(1 )(2 )(3 )]\n2: 63530527-ee25-4547-acf4-f591aabc7635, 1, 0 [(0 [0xC004F014, 0, 0], [(?)(?)(?)(?)(?)(?)(?)(?)])(1 )(2 )(3 )]\n3: 784f754e-3578-45ef-83ef-0e03d32f4317, 1, 0 [(0 [0xC004F014, 0, 0], [(?)(?)(?)(?)(?)(?)(?)(?)])(1 )(2 )(3 )]\n4: 8d77de46-78fb-428d-b8c4-c4a078e8912d, 1, 0 [(0 [0xC004F014, 0, 0], [(?)(?)(?)(?)(?)(?)(?)(?)])(1 )(2 )(3 )]\n5: 8e5931cc-12ba-4c58-ba0a-4e0684078ac9, 1, 0 [(0 [0xC004F014, 0, 0], [(?)(?)(?)(?)(?)(?)(?)(?)])(1 )(2 )(3 )]\n6: 98c05829-8fbd-4fb9-8c25-bb889a61014f, 1, 0 [(0 [0xC004F014, 0, 0], [(?)(?)(?)(?)(?)(?)(?)(?)])(1 )(2 )(3 )]\n7: 9b082c4c-61a5-44b6-aedb-fa59e8279ff6, 1, 0 [(0 [0xC004F014, 0, 0], [(?)(?)(?)(?)(?)(?)(?)(?)])(1 )(2 )(3 )]\n8: c2f04adf-a5de-45c5-99a5-f5fddbda74a8, 1, 0 [(0 [0xC004F014, 0, 0], [(?)(?)(?)(?)(?)(?)(?)(?)])(1 )(2 )(3 )]\n9: cd18ecc0-466a-45d4-8d2e-8c4fa48ae591, 1, 1 [(0 )(1 )(2 )(3 [0x00000000, 0, 0], [( 6 0xC004F009 5 0)( 1 0x00000000)( 6 0xC004F009 5 0)(?)(?)(?)( 10 0x00000000 msft:rm/algorithm/flags/1.0)( 11 0x00000000 0xC004F009)])]\n10: ce601e13-aaf0-4fa0-8859-8d3fa465dec8, 1, 0 [(0 [0xC004F014, 0, 0], [(?)(?)(?)(?)(?)(?)(?)(?)])(1 )(2 )(3 )]\n11: f4ddd35d-0e26-4bb9-ad0b-c26835d0a7b5, 1, 0 [(0 [0xC004F014, 0, 0], [(?)(?)(?)(?)(?)(?)(?)(?)])(1 )(2 )(3 )]\n12: f61ca8ef-23ba-4273-98cc-20a4ae706d11, 1, 0 [(0 [0xC004F014, 0, 0], [(?)(?)(?)(?)(?)(?)(?)(?)])(1 )(2 )(3 )]\n13: fbdb3e18-a8ef-4fb3-9183-dffd60bd0984, 1, 1 [(0 [0x00000000, 1, 0], [(?)( 1 0x00000000)(?)( 2 0x00000000 0 0 msft:rm/algorithm/volume/1.0 0x00000000 238966)(?)(?)(?)(?)])(1 )(2 )(3 )]\n\n\r\n",
      "category": 0,
      "user": null
    }
  },
  {
    "computer_name": "DESKTOP-NIOUKC3",
    "session_token": "DESKTOP-NIOUKC3_2026-03-26_22-43-39",
    "type": "windows_event_grouped",
    "data": {
      "log": "application",
      "event_id": 1073742864,
      "source": "Software Protection Platform Service",
      "severity": "info",
      "event_type": "info",
      "first_time": "2026-03-26 11:38:54",
      "last_time": "2026-03-26 11:34:50",
      "count": 2,
      "message": "Конфигурация оборудования изменилась (по сравнению с последней загрузкой).\r\n ИД приложения: 0ff1ce15-a989-479d-af46-f275c6370663; ИД SKU: fbdb3e18-a8ef-4fb3-9183-dffd60bd0984.\r\n",
      "category": 0,
      "user": null
    }
  },
  {
    "timestamp": "2026-03-26 11:37:31",
    "computer_name": "DESKTOP-NIOUKC3",
    "session_token": "DESKTOP-NIOUKC3_2026-03-26_22-43-39",
    "type": "windows_event",
    "data": {
      "log": "application",
      "event_id": 1001,
      "source": "Windows Error Reporting",
      "severity": "info",
      "event_type": "info",
      "message": "Контейнер ошибки , тип 0\r\nИмя события: LiveKernelEvent\r\nОтклик: Нет данных\r\nИдентификатор CAB: 0\r\n\r\nСигнатура проблемы:\r\nP1: 144\r\nP2: 3003\r\nP3: ffff8581c0cd7670\r\nP4: 40010000\r\nP5: 0\r\nP6: 10_0_19045\r\nP7: 0_0\r\nP8: 256_1\r\nP9: \r\nP10: \r\n\r\nВложенные файлы:\r\n\\\\?\\C:\\Windows\\LiveKernelReports\\USBHUB3\\USBHUB3-20260326-1137.dmp\r\n\\\\?\\C:\\Windows\\TEMP\\WER-79360828-0.sysdata.xml\r\n\\\\?\\C:\\ProgramData\\Microsoft\\Windows\\WER\\Temp\\WER14FC.tmp.WERInternalMetadata.xml\r\n\\\\?\\C:\\ProgramData\\Microsoft\\Windows\\WER\\Temp\\WER154B.tmp.xml\r\n\\\\?\\C:\\ProgramData\\Microsoft\\Windows\\WER\\Temp\\WER155A.tmp.csv\r\n\\\\?\\C:\\ProgramData\\Microsoft\\Windows\\WER\\Temp\\WER15A9.tmp.txt\r\n\r\nЭти файлы можно найти здесь:\r\n\\\\?\\C:\\ProgramData\\Microsoft\\Windows\\WER\\ReportArchive\\Kernel_144_ab9a12c8f0632412d095c3a964bcec7ac41ea6f_00000000_cab_116959a1-9e79-4347-bb60-45cd851b6c63\r\n\r\nСимвол анализа: \r\nПовторный поиск решения: 0\r\nИдентификатор отчета: 116959a1-9e79-4347-bb60-45cd851b6c63\r\nСостояние отчета: 2049\r\nХэшированный контейнер: \r\nИдентификатор GUID CAB: 0\r\n",
      "category": 0,
      "user": null
    }
  },
  {
    "timestamp": "2026-03-26 11:37:30",
    "computer_name": "DESKTOP-NIOUKC3",
    "session_token": "DESKTOP-NIOUKC3_2026-03-26_22-43-39",
    "type": "windows_event",
    "data": {
      "log": "application",
      "event_id": 1001,
      "source": "Windows Error Reporting",
      "severity": "info",
      "event_type": "info",
      "message": "Контейнер ошибки , тип 0\r\nИмя события: LiveKernelEvent\r\nОтклик: Нет данных\r\nИдентификатор CAB: 0\r\n\r\nСигнатура проблемы:\r\nP1: 144\r\nP2: 3003\r\nP3: ffff8581c0cd7670\r\nP4: 40010000\r\nP5: 0\r\nP6: 10_0_19045\r\nP7: 0_0\r\nP8: 256_1\r\nP9: \r\nP10: \r\n\r\nВложенные файлы:\r\n\\\\?\\C:\\Windows\\LiveKernelReports\\USBHUB3\\USBHUB3-20260326-1137.dmp\r\n\\\\?\\C:\\Windows\\TEMP\\WER-79360828-0.sysdata.xml\r\n\\\\?\\C:\\ProgramData\\Microsoft\\Windows\\WER\\Temp\\WER14FC.tmp.WERInternalMetadata.xml\r\n\\\\?\\C:\\ProgramData\\Microsoft\\Windows\\WER\\Temp\\WER154B.tmp.xml\r\n\\\\?\\C:\\ProgramData\\Microsoft\\Windows\\WER\\Temp\\WER155A.tmp.csv\r\n\\\\?\\C:\\ProgramData\\Microsoft\\Windows\\WER\\Temp\\WER15A9.tmp.txt\r\n\r\nЭти файлы можно найти здесь:\r\n\\\\?\\C:\\ProgramData\\Microsoft\\Windows\\WER\\ReportQueue\\Kernel_144_ab9a12c8f0632412d095c3a964bcec7ac41ea6f_00000000_116959a1-9e79-4347-bb60-45cd851b6c63\r\n\r\nСимвол анализа: \r\nПовторный поиск решения: 0\r\nИдентификатор отчета: 116959a1-9e79-4347-bb60-45cd851b6c63\r\nСостояние отчета: 4\r\nХэшированный контейнер: \r\nИдентификатор GUID CAB: 0\r\n",
      "category": 0,
      "user": null
    }
  },
  {
    "timestamp": "2026-03-26 11:36:11",
    "computer_name": "DESKTOP-NIOUKC3",
    "session_token": "DESKTOP-NIOUKC3_2026-03-26_22-43-39",
    "type": "windows_event",
    "data": {
      "log": "application",
      "event_id": 1073758208,
      "source": "Software Protection Platform Service",
      "severity": "info",
      "event_type": "info",
      "message": "Перезапуск службы защиты программного обеспечения успешно запланирован на 2026-04-02T08:35:11Z. Причина: RulesEngine.\r\n",
      "category": 0,
      "user": null
    }
  },
  {
    "timestamp": "2026-03-26 11:35:41",
    "computer_name": "DESKTOP-NIOUKC3",
    "session_token": "DESKTOP-NIOUKC3_2026-03-26_22-43-39",
    "type": "windows_event",
    "data": {
      "log": "application",
      "event_id": -1073733627,
      "source": "Software Protection Platform Service",
      "severity": "info",
      "event_type": "info",
      "message": "Программа SLUI.exe была запущена со следующими параметрами командной строки:\r\nRuleId=379cccfb-d4e0-48fe-b0f2-0136097be147;Action=CleanupState;AppId=55c92734-d682-4d71-983e-d6ec3f16059f;SkuId=2de67392-b7a7-462a-b1ca-108dd189f588;Trigger=TimerEvent\r\n",
      "category": 0,
      "user": null
    }
  },
  {
    "timestamp": "2026-03-26 11:35:41",
    "computer_name": "DESKTOP-NIOUKC3",
    "session_token": "DESKTOP-NIOUKC3_2026-03-26_22-43-39",
    "type": "windows_event",
    "data": {
      "log": "application",
      "event_id": 1073750054,
      "source": "Software Protection Platform Service",
      "severity": "info",
      "event_type": "info",
      "message": "Обработчик правил успешно выполнил повторную обработку расписания.\r\nПолитики ядра:\r\nSecurity-SPP-Action-StateData (REG_SZ) =AppId=55c92734-d682-4d71-983e-d6ec3f16059f;GraceEndDate=2026/09/22:08:35:40;LastConsumptionReason=0x00000000;LastNotificationId=Cleanup;LicenseState=SL_LICENSING_STATUS_LICENSED;PartialProductKey=T83GX;ProductKeyType=Volume:GVLK;SkuId=2de67392-b7a7-462a-b1ca-108dd189f588;ruleId=379cccfb-d4e0-48fe-b0f2-0136097be147;uxDifferentiator=ENVIRONMENT;volumeActivationOrder=normal\r\n",
      "category": 0,
      "user": null
    }
  },
  {
    "computer_name": "DESKTOP-NIOUKC3",
    "session_token": "DESKTOP-NIOUKC3_2026-03-26_22-43-39",
    "type": "windows_event_grouped",
    "data": {
      "log": "application",
      "event_id": -1073733627,
      "source": "Software Protection Platform Service",
      "severity": "info",
      "event_type": "info",
      "first_time": "2026-03-26 11:35:37",
      "last_time": "2026-03-26 11:35:36",
      "count": 2,
      "message": "Программа SLUI.exe была запущена со следующими параметрами командной строки:\r\nRuleId=502ff3ba-669a-4674-bbb1-601f34a3b968;Action=AutoActivateSilent;AppId=55c92734-d682-4d71-983e-d6ec3f16059f;SkuId=2de67392-b7a7-462a-b1ca-108dd189f588;NotificationInterval=1440;Trigger=NetworkAvailable\r\n",
      "category": 0,
      "user": null
    }
  },
  {
    "computer_name": "DESKTOP-NIOUKC3",
    "session_token": "DESKTOP-NIOUKC3_2026-03-26_22-43-39",
    "type": "windows_event_grouped",
    "data": {
      "log": "application",
      "event_id": 1073742827,
      "source": "Software Protection Platform Service",
      "severity": "info",
      "event_type": "info",
      "first_time": "2026-03-26 11:35:37",
      "last_time": "2026-03-26 11:35:36",
      "count": 3,
      "message": "Служба защиты программного обеспечения завершила проверку состояния лицензирования.\r\nИдентификатор приложения=55c92734-d682-4d71-983e-d6ec3f16059f\r\nСостояние лицензирования=\n1: 040fa323-92b1-4baf-97a2-5b67feaefddb, 1, 0 [(0 [0xC004F014, 0, 0], [(?)(?)(?)(?)(?)(?)(?)(?)])(1 )(2 )(3 )]\n2: 0724cb7d-3437-4cb7-93cb-830375d0079d, 1, 0 [(0 [0xC004F014, 0, 0], [(?)(?)(?)(?)(?)(?)(?)(?)])(1 )(2 )(3 )]\n3: 0ad2ac98-7bb9-4201-8d92-312299201369, 1, 0 [(0 [0xC004F014, 0, 0], [(?)(?)(?)(?)(?)(?)(?)(?)])(1 )(2 )(3 )]\n4: 1a9a717a-cf13-4ba5-83c3-0fe25fa868d5, 1, 0 [(0 [0xC004F014, 0, 0], [(?)(?)(?)(?)(?)(?)(?)(?)])(1 )(2 )(3 )]\n5: 221a02da-e2a1-4b75-864c-0a4410a33fdf, 1, 0 [(0 [0xC004F014, 0, 0], [(?)(?)(?)(?)(?)(?)(?)(?)])(1 )(2 )(3 )]\n6: 291ece0e-9c38-40ca-a9e1-32cc7ec19507, 1, 0 [(0 [0xC004F014, 0, 0], [(?)(?)(?)(?)(?)(?)(?)(?)])(1 )(2 )(3 )]\n7: 2936d1d2-913a-4542-b54e-ce5a602a2a38, 1, 0 [(0 [0xC004F014, 0, 0], [(?)(?)(?)(?)(?)(?)(?)(?)])(1 )(2 )(3 )]\n8: 2c293c26-a45a-4a2a-a350-c69a67097529, 1, 0 [(0 [0xC004F014, 0, 0], [(?)(?)(?)(?)(?)(?)(?)(?)])(1 )(2 )(3 )]\n9: 2de67392-b7a7-462a-b1ca-108dd189f588, 1, 1 [(0 [0x00000000, 1, 0], [(?)( 1 0x00000000)(?)( 2 0x00000000 0 0 msft:rm/algorithm/volume/1.0 0x00000000 259200)(?)(?)( 10 0x00000000 msft:rm/algorithm/flags/1.0)(?)])(1 )(2 )(3 )]\n10: 2ffd8952-423e-4903-b993-72a1aa44cf82, 1, 0 [(0 [0xC004F014, 0, 0], [(?)(?)(?)(?)(?)(?)(?)(?)])(1 )(2 )(3 )]\n11: 30a42c86-b7a0-4a34-8c90-ff177cb2acb7, 1, 0 [(0 [0xC004F014, 0, 0], [(?)(?)(?)(?)(?)(?)(?)(?)])(1 )(2 )(3 )]\n12: 345a5db0-d94f-4e3b-a0c0-7c42f7bc3ebf, 1, 0 [(0 [0xC004F014, 0, 0], [(?)(?)(?)(?)(?)(?)(?)(?)])(1 )(2 )(3 )]\n13: 3502365a-f88a-4ba4-822a-5769d3073b65, 1, 0 [(0 [0xC004F014, 0, 0], [(?)(?)(?)(?)(?)(?)(?)(?)])(1 )(2 )(3 )]\n14: 377333b1-8b5d-48d6-9679-1225c872d37c, 1, 0 [(0 [0xC004F014, 0, 0], [(?)(?)(?)(?)(?)(?)(?)(?)])(1 )(2 )(3 )]\n15: 3df374ef-d444-4494-a5a1-4b0d9fd0e203, 1, 0 [(0 [0xC004F014, 0, 0], [(?)(?)(?)(?)(?)(?)(?)(?)])(1 )(2 )(3 )]\n16: 3f1afc82-f8ac-4f6c-8005-1d233e606ee",
      "category": 0,
      "user": null
    }
  },
  {
    "computer_name": "DESKTOP-NIOUKC3",
    "session_token": "DESKTOP-NIOUKC3_2026-03-26_22-43-39",
    "type": "windows_event_grouped",
    "data": {
      "log": "application",
      "event_id": 1073742857,
      "source": "Software Protection Platform Service",
      "severity": "info",
      "event_type": "info",
      "first_time": "2026-03-26 11:35:36",
      "last_time": "2026-03-26 11:35:36",
      "count": 2,
      "message": "Эти политики исключаются, так как они определены только с атрибутом override-only.\r\nИмена политик=(Security-SPP-Reserved-EnableNotificationMode) \r\nИдентификатор приложения=55c92734-d682-4d71-983e-d6ec3f16059f\r\nИдентификатор SKU=2de67392-b7a7-462a-b1ca-108dd189f588\r\n",
      "category": 0,
      "user": null
    }
  },
  {
    "computer_name": "DESKTOP-NIOUKC3",
    "session_token": "DESKTOP-NIOUKC3_2026-03-26_22-43-39",
    "type": "windows_event_grouped",
    "data": {
      "log": "application",
      "event_id": 1073742858,
      "source": "Software Protection Platform Service",
      "severity": "info",
      "event_type": "info",
      "first_time": "2026-03-26 11:35:36",
      "last_time": "2026-03-26 11:35:36",
      "count": 2,
      "message": "Обнаружено повторяющееся определение политики. Имя политики=Security-SPP-IgnoreDeferredActivation  Приоритет=500\r\n",
      "category": 0,
      "user": null
    }
  },
  {
    "computer_name": "DESKTOP-NIOUKC3",
    "session_token": "DESKTOP-NIOUKC3_2026-03-26_22-43-39",
    "type": "windows_event_grouped",
    "data": {
      "log": "application",
      "event_id": 1073742858,
      "source": "Software Protection Platform Service",
      "severity": "info",
      "event_type": "info",
      "first_time": "2026-03-26 11:35:36",
      "last_time": "2026-03-26 11:35:34",
      "count": 42,
      "message": "Обнаружено повторяющееся определение политики. Имя политики=AAD-BlockAADWorkplaceJoin-Default  Приоритет=100\r\n",
      "category": 0,
      "user": null
    }
  },
  {
    "computer_name": "DESKTOP-NIOUKC3",
    "session_token": "DESKTOP-NIOUKC3_2026-03-26_22-43-39",
    "type": "windows_event_grouped",
    "data": {
      "log": "application",
      "event_id": 1073754113,
      "source": "Software Protection Platform Service",
      "severity": "info",
      "event_type": "info",
      "first_time": "2026-03-26 11:35:33",
      "last_time": "2026-03-26 11:35:32",
      "count": 2,
      "message": "Клиент обработал ответ на активацию от компьютера службы управления ключами.\r\nСведения:\r\n0x00000000, 0x00000000, 1, 0, 50, 120, 10080, 2026/03/26 08:35\r\n",
      "category": 0,
      "user": null
    }
  },
  {
    "computer_name": "DESKTOP-NIOUKC3",
    "session_token": "DESKTOP-NIOUKC3_2026-03-26_22-43-39",
    "type": "windows_event_grouped",
    "data": {
      "log": "application",
      "event_id": 1073754112,
      "source": "Software Protection Platform Service",
      "severity": "info",
      "event_type": "info",
      "first_time": "2026-03-26 11:35:32",
      "last_time": "2026-03-26 11:35:32",
      "count": 2,
      "message": "Клиент отправил запрос на активацию компьютеру службы управления ключами.\r\nСведения:\r\n0x00000000, 0x00000000, kms.digiboy.ir:1688, 97196bf3-74d4-469c-ae29-ef88687aff39, 2026/03/26 08:35, 0, 1, 249103, 2de67392-b7a7-462a-b1ca-108dd189f588, 25\r\n",
      "category": 0,
      "user": null
    }
  },
  {
    "timestamp": "2026-03-26 11:35:23",
    "computer_name": "DESKTOP-NIOUKC3",
    "session_token": "DESKTOP-NIOUKC3_2026-03-26_22-43-39",
    "type": "windows_event",
    "data": {
      "log": "application",
      "event_id": 1073750054,
      "source": "Software Protection Platform Service",
      "severity": "info",
      "event_type": "info",
      "message": "Обработчик правил успешно выполнил повторную обработку расписания.\r\nПолитики ядра:\r\nSecurity-SPP-Action-StateData (REG_SZ) =AppId=55c92734-d682-4d71-983e-d6ec3f16059f;GraceEndDate=2026/09/15:08:18:22;LastConsumptionReason=0x00000000;LastNotificationId=VolumeRenewalRequired;LicenseState=SL_LICENSING_STATUS_LICENSED;PartialProductKey=T83GX;ProductKeyType=Volume:GVLK;SkuId=2de67392-b7a7-462a-b1ca-108dd189f588;ruleId=502ff3ba-669a-4674-bbb1-601f34a3b968;uxDifferentiator=ENVIRONMENT;volumeActivationOrder=normal\r\n",
      "category": 0,
      "user": null
    }
  },
  {
    "timestamp": "2026-03-26 11:35:17",
    "computer_name": "DESKTOP-NIOUKC3",
    "session_token": "DESKTOP-NIOUKC3_2026-03-26_22-43-39",
    "type": "windows_event",
    "data": {
      "log": "application",
      "event_id": 1073750054,
      "source": "Software Protection Platform Service",
      "severity": "info",
      "event_type": "info",
      "message": "Обработчик правил успешно выполнил повторную обработку расписания.\r\nПолитики ядра:\r\nSecurity-SPP-Action-StateData (REG_SZ) =AppId=55c92734-d682-4d71-983e-d6ec3f16059f;GraceEndDate=2026/09/15:08:18:15;LastConsumptionReason=0x00000000;LastNotificationId=VolumeRenewalRequired;LicenseState=SL_LICENSING_STATUS_LICENSED;PartialProductKey=T83GX;ProductKeyType=Volume:GVLK;SkuId=2de67392-b7a7-462a-b1ca-108dd189f588;ruleId=502ff3ba-669a-4674-bbb1-601f34a3b968;uxDifferentiator=ENVIRONMENT;volumeActivationOrder=normal\r\n",
      "category": 0,
      "user": null
    }
  },
  {
    "timestamp": "2026-03-26 11:35:00",
    "computer_name": "DESKTOP-NIOUKC3",
    "session_token": "DESKTOP-NIOUKC3_2026-03-26_22-43-39",
    "type": "windows_event",
    "data": {
      "log": "application",
      "event_id": -1056899039,
      "source": "SideBySide",
      "severity": "error",
      "event_type": "error",
      "message": "Ошибка при создании контекста активации для \"C:\\Windows\\SystemTemp\\sdwra_5964_1144364976\\browser.exe\".\r\nНе найдена зависимая сборка \"26.3.1.981,language=\"&#x2a;\",type=\"win32\",version=\"26.3.1.981\"\".\r\nИспользуйте sxstrace.exe для подробной диагностики.\r\n",
      "category": 0,
      "user": null
    }
  },
  {
    "timestamp": "2026-03-26 11:34:59",
    "computer_name": "DESKTOP-NIOUKC3",
    "session_token": "DESKTOP-NIOUKC3_2026-03-26_22-43-39",
    "type": "windows_event",
    "data": {
      "log": "application",
      "event_id": -1073733626,
      "source": "Software Protection Platform Service",
      "severity": "error",
      "event_type": "error",
      "message": "Сбой активации лицензий (slui.exe) со следующим кодом ошибки:\r\nhr=0x80004005\r\nАргументы командной строки:\r\nRuleId=502ff3ba-669a-4674-bbb1-601f34a3b968;Action=AutoActivateSilent;AppId=55c92734-d682-4d71-983e-d6ec3f16059f;SkuId=2de67392-b7a7-462a-b1ca-108dd189f588;NotificationInterval=1440;Trigger=TimerEvent\r\n",
      "category": 0,
      "user": null
    }
  },
  {
    "timestamp": "2026-03-26 11:34:59",
    "computer_name": "DESKTOP-NIOUKC3",
    "session_token": "DESKTOP-NIOUKC3_2026-03-26_22-43-39",
    "type": "windows_event",
    "data": {
      "log": "application",
      "event_id": 1073742827,
      "source": "Software Protection Platform Service",
      "severity": "info",
      "event_type": "info",
      "message": "Служба защиты программного обеспечения завершила проверку состояния лицензирования.\r\nИдентификатор приложения=55c92734-d682-4d71-983e-d6ec3f16059f\r\nСостояние лицензирования=\n1: 040fa323-92b1-4baf-97a2-5b67feaefddb, 1, 0 [(0 [0xC004F014, 0, 0], [(?)(?)(?)(?)(?)(?)(?)(?)])(1 )(2 )(3 )]\n2: 0724cb7d-3437-4cb7-93cb-830375d0079d, 1, 0 [(0 [0xC004F014, 0, 0], [(?)(?)(?)(?)(?)(?)(?)(?)])(1 )(2 )(3 )]\n3: 0ad2ac98-7bb9-4201-8d92-312299201369, 1, 0 [(0 [0xC004F014, 0, 0], [(?)(?)(?)(?)(?)(?)(?)(?)])(1 )(2 )(3 )]\n4: 1a9a717a-cf13-4ba5-83c3-0fe25fa868d5, 1, 0 [(0 [0xC004F014, 0, 0], [(?)(?)(?)(?)(?)(?)(?)(?)])(1 )(2 )(3 )]\n5: 221a02da-e2a1-4b75-864c-0a4410a33fdf, 1, 0 [(0 [0xC004F014, 0, 0], [(?)(?)(?)(?)(?)(?)(?)(?)])(1 )(2 )(3 )]\n6: 291ece0e-9c38-40ca-a9e1-32cc7ec19507, 1, 0 [(0 [0xC004F014, 0, 0], [(?)(?)(?)(?)(?)(?)(?)(?)])(1 )(2 )(3 )]\n7: 2936d1d2-913a-4542-b54e-ce5a602a2a38, 1, 0 [(0 [0xC004F014, 0, 0], [(?)(?)(?)(?)(?)(?)(?)(?)])(1 )(2 )(3 )]\n8: 2c293c26-a45a-4a2a-a350-c69a67097529, 1, 0 [(0 [0xC004F014, 0, 0], [(?)(?)(?)(?)(?)(?)(?)(?)])(1 )(2 )(3 )]\n9: 2de67392-b7a7-462a-b1ca-108dd189f588, 1, 1 [(0 [0x00000000, 1, 0], [(?)( 1 0x00000000)(?)( 2 0x00000000 0 0 msft:rm/algorithm/volume/1.0 0x00000000 249104)(?)(?)( 10 0x00000000 msft:rm/algorithm/flags/1.0)(?)])(1 )(2 )(3 )]\n10: 2ffd8952-423e-4903-b993-72a1aa44cf82, 1, 0 [(0 [0xC004F014, 0, 0], [(?)(?)(?)(?)(?)(?)(?)(?)])(1 )(2 )(3 )]\n11: 30a42c86-b7a0-4a34-8c90-ff177cb2acb7, 1, 0 [(0 [0xC004F014, 0, 0], [(?)(?)(?)(?)(?)(?)(?)(?)])(1 )(2 )(3 )]\n12: 345a5db0-d94f-4e3b-a0c0-7c42f7bc3ebf, 1, 0 [(0 [0xC004F014, 0, 0], [(?)(?)(?)(?)(?)(?)(?)(?)])(1 )(2 )(3 )]\n13: 3502365a-f88a-4ba4-822a-5769d3073b65, 1, 0 [(0 [0xC004F014, 0, 0], [(?)(?)(?)(?)(?)(?)(?)(?)])(1 )(2 )(3 )]\n14: 377333b1-8b5d-48d6-9679-1225c872d37c, 1, 0 [(0 [0xC004F014, 0, 0], [(?)(?)(?)(?)(?)(?)(?)(?)])(1 )(2 )(3 )]\n15: 3df374ef-d444-4494-a5a1-4b0d9fd0e203, 1, 0 [(0 [0xC004F014, 0, 0], [(?)(?)(?)(?)(?)(?)(?)(?)])(1 )(2 )(3 )]\n16: 3f1afc82-f8ac-4f6c-8005-1d233e606ee",
      "category": 0,
      "user": null
    }
  },
  {
    "timestamp": "2026-03-26 11:34:58",
    "computer_name": "DESKTOP-NIOUKC3",
    "session_token": "DESKTOP-NIOUKC3_2026-03-26_22-43-39",
    "type": "windows_event",
    "data": {
      "log": "application",
      "event_id": 1073754112,
      "source": "Software Protection Platform Service",
      "severity": "info",
      "event_type": "info",
      "message": "Клиент отправил запрос на активацию компьютеру службы управления ключами.\r\nСведения:\r\n0x80072AF9, 0x00000000, kms.digiboy.ir:1688, 97196bf3-74d4-469c-ae29-ef88687aff39, 2026/03/26 08:34, 0, 1, 249104, 2de67392-b7a7-462a-b1ca-108dd189f588, 25\r\n",
      "category": 0,
      "user": null
    }
  },
  {
    "timestamp": "2026-03-26 11:34:53",
    "computer_name": "DESKTOP-NIOUKC3",
    "session_token": "DESKTOP-NIOUKC3_2026-03-26_22-43-39",
    "type": "windows_event",
    "data": {
      "log": "application",
      "event_id": 1073750054,
      "source": "Software Protection Platform Service",
      "severity": "info",
      "event_type": "info",
      "message": "Обработчик правил успешно выполнил повторную обработку расписания.\r\nПолитики ядра:\r\nSecurity-SPP-Action-StateData (REG_SZ) =AppId=55c92734-d682-4d71-983e-d6ec3f16059f;GraceEndDate=2026/09/15:08:18:52;LastConsumptionReason=0x00000000;LastNotificationId=VolumeRenewalRequired;LicenseState=SL_LICENSING_STATUS_LICENSED;PartialProductKey=T83GX;ProductKeyType=Volume:GVLK;SkuId=2de67392-b7a7-462a-b1ca-108dd189f588;ruleId=502ff3ba-669a-4674-bbb1-601f34a3b968;uxDifferentiator=ENVIRONMENT;volumeActivationOrder=normal\r\n",
      "category": 0,
      "user": null
    }
  },
  {
    "timestamp": "2026-03-26 11:04:44",
    "computer_name": "DESKTOP-NIOUKC3",
    "session_token": "DESKTOP-NIOUKC3_2026-03-26_22-43-39",
    "type": "windows_event",
    "data": {
      "log": "application",
      "event_id": -1056899039,
      "source": "SideBySide",
      "severity": "error",
      "event_type": "error",
      "message": "Ошибка при создании контекста активации для \"C:\\Windows\\SystemTemp\\sdwra_5964_2082941232\\browser.exe\".\r\nНе найдена зависимая сборка \"26.3.1.981,language=\"&#x2a;\",type=\"win32\",version=\"26.3.1.981\"\".\r\nИспользуйте sxstrace.exe для подробной диагностики.\r\n",
      "category": 0,
      "user": null
    }
  },
  {
    "timestamp": "2026-03-26 10:40:25",
    "computer_name": "DESKTOP-NIOUKC3",
    "session_token": "DESKTOP-NIOUKC3_2026-03-26_22-43-39",
    "type": "windows_event",
    "data": {
      "log": "application",
      "event_id": 1073758208,
      "source": "Software Protection Platform Service",
      "severity": "info",
      "event_type": "info",
      "message": "Перезапуск службы защиты программного обеспечения успешно запланирован на 2026-03-26T08:17:25Z. Причина: RulesEngine.\r\n",
      "category": 0,
      "user": null
    }
  },
  {
    "computer_name": "DESKTOP-NIOUKC3",
    "session_token": "DESKTOP-NIOUKC3_2026-03-26_22-43-39",
    "type": "windows_event_grouped",
    "data": {
      "log": "application",
      "event_id": 1073742864,
      "source": "Software Protection Platform Service",
      "severity": "info",
      "event_type": "info",
      "first_time": "2026-03-26 10:39:26",
      "last_time": "2026-03-26 09:22:35",
      "count": 2,
      "message": "Конфигурация оборудования изменилась (по сравнению с последней загрузкой).\r\n ИД приложения: 55c92734-d682-4d71-983e-d6ec3f16059f; ИД SKU: 2de67392-b7a7-462a-b1ca-108dd189f588.\r\n",
      "category": 0,
      "user": null
    }
  },
  {
    "timestamp": "2026-03-26 10:22:15",
    "computer_name": "DESKTOP-NIOUKC3",
    "session_token": "DESKTOP-NIOUKC3_2026-03-26_22-43-39",
    "type": "windows_event",
    "data": {
      "log": "application",
      "event_id": -1056899039,
      "source": "SideBySide",
      "severity": "error",
      "event_type": "error",
      "message": "Ошибка при создании контекста активации для \"C:\\Windows\\SystemTemp\\sdwra_5964_1651564228\\browser.exe\".\r\nНе найдена зависимая сборка \"26.3.1.981,language=\"&#x2a;\",type=\"win32\",version=\"26.3.1.981\"\".\r\nИспользуйте sxstrace.exe для подробной диагностики.\r\n",
      "category": 0,
      "user": null
    }
  },
  {
    "timestamp": "2026-03-26 10:16:00",
    "computer_name": "DESKTOP-NIOUKC3",
    "session_token": "DESKTOP-NIOUKC3_2026-03-26_22-43-39",
    "type": "windows_event",
    "data": {
      "log": "application",
      "event_id": 1073758208,
      "source": "Software Protection Platform Service",
      "severity": "info",
      "event_type": "info",
      "message": "Перезапуск службы защиты программного обеспечения успешно запланирован на 2026-03-26T08:17:52Z. Причина: RulesEngine.\r\n",
      "category": 0,
      "user": null
    }
  },
  {
    "timestamp": "2026-03-26 09:54:37",
    "computer_name": "DESKTOP-NIOUKC3",
    "session_token": "DESKTOP-NIOUKC3_2026-03-26_22-43-39",
    "type": "windows_event",
    "data": {
      "log": "application",
      "event_id": 10001,
      "source": "Microsoft-Windows-RestartManager",
      "severity": "info",
      "event_type": "info",
      "message": "Завершение сеанса 1, запущенного 2026-03-26T06:48:18.1821099Z.\r\n",
      "category": 0,
      "user": "etotimoxa\\DESKTOP-NIOUKC3"
    }
  },
  {
    "timestamp": "2026-03-26 09:54:27",
    "computer_name": "DESKTOP-NIOUKC3",
    "session_token": "DESKTOP-NIOUKC3_2026-03-26_22-43-39",
    "type": "windows_event",
    "data": {
      "log": "application",
      "event_id": 1073758208,
      "source": "Software Protection Platform Service",
      "severity": "info",
      "event_type": "info",
      "message": "Перезапуск службы защиты программного обеспечения успешно запланирован на 2026-03-26T08:17:27Z. Причина: RulesEngine.\r\n",
      "category": 0,
      "user": null
    }
  },
  {
    "timestamp": "2026-03-26 09:51:23",
    "computer_name": "DESKTOP-NIOUKC3",
    "session_token": "DESKTOP-NIOUKC3_2026-03-26_22-43-39",
    "type": "windows_event",
    "data": {
      "log": "application",
      "event_id": 8224,
      "source": "VSS",
      "severity": "info",
      "event_type": "info",
      "message": "Служба VSS выключается из-за тайм-аута простоя.\r\n\r\n",
      "category": 0,
      "user": null
    }
  },
  {
    "timestamp": "2026-03-26 09:48:18",
    "computer_name": "DESKTOP-NIOUKC3",
    "session_token": "DESKTOP-NIOUKC3_2026-03-26_22-43-39",
    "type": "windows_event",
    "data": {
      "log": "application",
      "event_id": 10000,
      "source": "Microsoft-Windows-RestartManager",
      "severity": "info",
      "event_type": "info",
      "message": "Запуск сеанса 1 - 2026-03-26T06:48:18.1821099Z.\r\n",
      "category": 0,
      "user": "etotimoxa\\DESKTOP-NIOUKC3"
    }
  },
  {
    "timestamp": "2026-03-26 09:23:08",
    "computer_name": "DESKTOP-NIOUKC3",
    "session_token": "DESKTOP-NIOUKC3_2026-03-26_22-43-39",
    "type": "windows_event",
    "data": {
      "log": "application",
      "event_id": 1073758208,
      "source": "Software Protection Platform Service",
      "severity": "info",
      "event_type": "info",
      "message": "Перезапуск службы защиты программного обеспечения успешно запланирован на 2026-03-26T08:17:08Z. Причина: RulesEngine.\r\n",
      "category": 0,
      "user": null
    }
  },
  {
    "timestamp": "2026-03-26 09:20:28",
    "computer_name": "DESKTOP-NIOUKC3",
    "session_token": "DESKTOP-NIOUKC3_2026-03-26_22-43-39",
    "type": "windows_event",
    "data": {
      "log": "application",
      "event_id": 1073758208,
      "source": "Software Protection Platform Service",
      "severity": "info",
      "event_type": "info",
      "message": "Перезапуск службы защиты программного обеспечения успешно запланирован на 2026-03-26T08:17:28Z. Причина: RulesEngine.\r\n",
      "category": 0,
      "user": null
    }
  },
  {
    "timestamp": "2026-03-26 09:20:04",
    "computer_name": "DESKTOP-NIOUKC3",
    "session_token": "DESKTOP-NIOUKC3_2026-03-26_22-43-39",
    "type": "windows_event",
    "data": {
      "log": "application",
      "event_id": 10001,
      "source": "Microsoft-Windows-RestartManager",
      "severity": "info",
      "event_type": "info",
      "message": "Завершение сеанса 1, запущенного 2026-03-25T12:20:35.5843609Z.\r\n",
      "category": 0,
      "user": "etotimoxa\\DESKTOP-NIOUKC3"
    }
  },
  {
    "timestamp": "2026-03-26 09:20:04",
    "computer_name": "DESKTOP-NIOUKC3",
    "session_token": "DESKTOP-NIOUKC3_2026-03-26_22-43-39",
    "type": "windows_event",
    "data": {
      "log": "application",
      "event_id": -1056899039,
      "source": "SideBySide",
      "severity": "error",
      "event_type": "error",
      "message": "Ошибка при создании контекста активации для \"C:\\Windows\\SystemTemp\\sdwra_5964_337960291\\browser.exe\".\r\nНе найдена зависимая сборка \"26.3.1.981,language=\"&#x2a;\",type=\"win32\",version=\"26.3.1.981\"\".\r\nИспользуйте sxstrace.exe для подробной диагностики.\r\n",
      "category": 0,
      "user": null
    }
  },
  {
    "timestamp": "2026-03-26T22:44:30.981304",
    "computer_name": "DESKTOP-NIOUKC3",
    "session_token": "DESKTOP-NIOUKC3_2026-03-26_22-44-27",
    "type": "metric",
    "data": {
      "cpu_usage": 2.2,
      "ram_usage": 87.2,
      "ram_used_gb": 13.44,
      "ram_total_gb": 15.41,
      "disk_usage": 89.3,
      "disk_used_gb": 420.87,
      "disk_total_gb": 471.3,
      "network_sent_mb": 69.81,
      "network_recv_mb": 190.18,
      "uptime_seconds": 1774434881.092955
    }
  }
]