[
  {
    "timestamp": "2026-03-27T11:03:44.817179",
    "computer_name": "DESKTOP-NIOUKC3",
    "session_token": "DESKTOP-NIOUKC3_2026-03-27_11-03-40",
    "type": "metric",
    "data": {
      "cpu_usage": 1.8,
      "ram_usage": 84.4,
      "ram_used_gb": 13.0,
      "ram_total_gb": 15.41,
      "disk_usage": 89.3,
      "disk_used_gb": 421.04,
      "disk_total_gb": 471.3,
      "network_sent_mb": 117.48,
      "network_recv_mb": 670.68,
      "uptime_seconds": 1774434881.092955
    }
  },
  {
    "computer_name": "DESKTOP-NIOUKC3",
    "session_token": "DESKTOP-NIOUKC3_2026-03-27_11-03-40",
    "type": "windows_event_grouped",
    "data": {
      "log": "application",
      "event_id": 10001,
      "source": "Microsoft-Windows-RestartManager",
      "severity": "info",
      "event_type": "info",
      "first_time": "2026-03-27 10:36:40",
      "last_time": "2026-03-27 10:36:07",
      "count": 3,
      "message": "Завершение сеанса 0, запущенного 2026-03-27T07:36:15.8769513Z.\r\n [повторяется 3 раз, 2026-03-27 10:36:40 - 2026-03-27 10:36:07]",
      "category": 0,
      "user": "СИСТЕМА\\NT AUTHORITY"
    }
  },
  {
    "timestamp": "2026-03-27 10:36:45",
    "computer_name": "DESKTOP-NIOUKC3",
    "session_token": "DESKTOP-NIOUKC3_2026-03-27_11-03-40",
    "type": "windows_event",
    "data": {
      "log": "application",
      "event_id": 1073758208,
      "source": "Software Protection Platform Service",
      "severity": "info",
      "event_type": "info",
      "message": "Перезапуск службы защиты программного обеспечения успешно запланирован на 2026-04-02T08:34:45Z. Причина: RulesEngine.\r\n",
      "category": 0,
      "user": null
    }
  },
  {
    "timestamp": "2026-03-27 10:37:21",
    "computer_name": "DESKTOP-NIOUKC3",
    "session_token": "DESKTOP-NIOUKC3_2026-03-27_11-03-40",
    "type": "windows_event",
    "data": {
      "log": "application",
      "event_id": 1073758208,
      "source": "Software Protection Platform Service",
      "severity": "info",
      "event_type": "info",
      "message": "Перезапуск службы защиты программного обеспечения успешно запланирован на 2026-04-02T08:35:21Z. Причина: RulesEngine.\r\n",
      "category": 0,
      "user": null
    }
  },
  {
    "timestamp": "2026-03-27 10:37:24",
    "computer_name": "DESKTOP-NIOUKC3",
    "session_token": "DESKTOP-NIOUKC3_2026-03-27_11-03-40",
    "type": "windows_event",
    "data": {
      "log": "application",
      "event_id": 10002,
      "source": "Microsoft-Windows-RestartManager",
      "severity": "info",
      "event_type": "info",
      "message": "Завершение работы приложения или службы \"Microsoft Office SDX Helper\".\r\n",
      "category": 0,
      "user": "etotimoxa\\DESKTOP-NIOUKC3"
    }
  },
  {
    "timestamp": "2026-03-27 10:37:24",
    "computer_name": "DESKTOP-NIOUKC3",
    "session_token": "DESKTOP-NIOUKC3_2026-03-27_11-03-40",
    "type": "windows_event",
    "data": {
      "log": "application",
      "event_id": 10006,
      "source": "Microsoft-Windows-RestartManager",
      "severity": "error",
      "event_type": "error",
      "message": "Не удалось завершить работу приложения или службы \"Microsoft Office SDX Helper\".\r\n",
      "category": 0,
      "user": "etotimoxa\\DESKTOP-NIOUKC3"
    }
  },
  {
    "timestamp": "2026-03-27 10:38:09",
    "computer_name": "DESKTOP-NIOUKC3",
    "session_token": "DESKTOP-NIOUKC3_2026-03-27_11-03-40",
    "type": "windows_event",
    "data": {
      "log": "application",
      "event_id": 10005,
      "source": "Microsoft-Windows-RestartManager",
      "severity": "info",
      "event_type": "info",
      "message": "Требуется перезагрузка компьютера.\r\n",
      "category": 0,
      "user": "etotimoxa\\DESKTOP-NIOUKC3"
    }
  },
  {
    "timestamp": "2026-03-27 10:38:13",
    "computer_name": "DESKTOP-NIOUKC3",
    "session_token": "DESKTOP-NIOUKC3_2026-03-27_11-03-40",
    "type": "windows_event",
    "data": {
      "log": "application",
      "event_id": 1073742828,
      "source": "Software Protection Platform Service",
      "severity": "info",
      "event_type": "info",
      "message": "Установлена лицензия: client-issuance-stil Issuance License",
      "category": 0,
      "user": null
    }
  },
  {
    "timestamp": "2026-03-27 10:38:13",
    "computer_name": "DESKTOP-NIOUKC3",
    "session_token": "DESKTOP-NIOUKC3_2026-03-27_11-03-40",
    "type": "windows_event",
    "data": {
      "log": "application",
      "event_id": 1073742828,
      "source": "Software Protection Platform Service",
      "severity": "info",
      "event_type": "info",
      "message": "Установлена лицензия: client-issuance-root Issuance License",
      "category": 0,
      "user": null
    }
  },
  {
    "computer_name": "DESKTOP-NIOUKC3",
    "session_token": "DESKTOP-NIOUKC3_2026-03-27_11-03-40",
    "type": "windows_event_grouped",
    "data": {
      "log": "application",
      "event_id": 1073742828,
      "source": "Software Protection Platform Service",
      "severity": "info",
      "event_type": "info",
      "first_time": "2026-03-27 10:38:13",
      "last_time": "2026-03-27 10:38:12",
      "count": 2,
      "message": "Установлена лицензия: XrML 2.1 License - Product Key Configuration [повторяется 2 раз, 2026-03-27 10:38:13 - 2026-03-27 10:38:12]",
      "category": 0,
      "user": null
    }
  },
  {
    "timestamp": "2026-03-27 10:38:14",
    "computer_name": "DESKTOP-NIOUKC3",
    "session_token": "DESKTOP-NIOUKC3_2026-03-27_11-03-40",
    "type": "windows_event",
    "data": {
      "log": "application",
      "event_id": 1073742828,
      "source": "Software Protection Platform Service",
      "severity": "info",
      "event_type": "info",
      "message": "Установлена лицензия: client-issuance-bridge-office Issuance License",
      "category": 0,
      "user": null
    }
  },
  {
    "timestamp": "2026-03-27 10:38:14",
    "computer_name": "DESKTOP-NIOUKC3",
    "session_token": "DESKTOP-NIOUKC3_2026-03-27_11-03-40",
    "type": "windows_event",
    "data": {
      "log": "application",
      "event_id": 1073742828,
      "source": "Software Protection Platform Service",
      "severity": "info",
      "event_type": "info",
      "message": "Установлена лицензия: client-issuance-root-bridge-test Issuance License",
      "category": 0,
      "user": null
    }
  },
  {
    "timestamp": "2026-03-27 10:38:14",
    "computer_name": "DESKTOP-NIOUKC3",
    "session_token": "DESKTOP-NIOUKC3_2026-03-27_11-03-40",
    "type": "windows_event",
    "data": {
      "log": "application",
      "event_id": 1073742828,
      "source": "Software Protection Platform Service",
      "severity": "info",
      "event_type": "info",
      "message": "Установлена лицензия: client-issuance-ul-oob Issuance License",
      "category": 0,
      "user": null
    }
  },
  {
    "timestamp": "2026-03-27 10:38:14",
    "computer_name": "DESKTOP-NIOUKC3",
    "session_token": "DESKTOP-NIOUKC3_2026-03-27_11-03-40",
    "type": "windows_event",
    "data": {
      "log": "application",
      "event_id": 1073742828,
      "source": "Software Protection Platform Service",
      "severity": "info",
      "event_type": "info",
      "message": "Установлена лицензия: client-issuance-ul Issuance License",
      "category": 0,
      "user": null
    }
  },
  {
    "timestamp": "2026-03-27 10:38:15",
    "computer_name": "DESKTOP-NIOUKC3",
    "session_token": "DESKTOP-NIOUKC3_2026-03-27_11-03-40",
    "type": "windows_event",
    "data": {
      "log": "application",
      "event_id": 1073742828,
      "source": "Software Protection Platform Service",
      "severity": "info",
      "event_type": "info",
      "message": "Установлена лицензия: OfficeF61CA8EF-23BA-4273-98CC-20A4AE706D11 PPD License",
      "category": 0,
      "user": null
    }
  },
  {
    "timestamp": "2026-03-27 10:38:18",
    "computer_name": "DESKTOP-NIOUKC3",
    "session_token": "DESKTOP-NIOUKC3_2026-03-27_11-03-40",
    "type": "windows_event",
    "data": {
      "log": "application",
      "event_id": 1073742828,
      "source": "Software Protection Platform Service",
      "severity": "info",
      "event_type": "info",
      "message": "Установлена лицензия: Office284D39DB-A9AC-4ED9-9607-DB15E70E8B01 PPD License",
      "category": 0,
      "user": null
    }
  },
  {
    "timestamp": "2026-03-27 10:38:21",
    "computer_name": "DESKTOP-NIOUKC3",
    "session_token": "DESKTOP-NIOUKC3_2026-03-27_11-03-40",
    "type": "windows_event",
    "data": {
      "log": "application",
      "event_id": 1073742828,
      "source": "Software Protection Platform Service",
      "severity": "info",
      "event_type": "info",
      "message": "Установлена лицензия: Office63530527-EE25-4547-ACF4-F591AABC7635 PPD License",
      "category": 0,
      "user": null
    }
  },
  {
    "timestamp": "2026-03-27 10:38:22",
    "computer_name": "DESKTOP-NIOUKC3",
    "session_token": "DESKTOP-NIOUKC3_2026-03-27_11-03-40",
    "type": "windows_event",
    "data": {
      "log": "application",
      "event_id": 1073742828,
      "source": "Software Protection Platform Service",
      "severity": "info",
      "event_type": "info",
      "message": "Установлена лицензия: OfficeCE601E13-AAF0-4FA0-8859-8D3FA465DEC8 PPD License",
      "category": 0,
      "user": null
    }
  },
  {
    "computer_name": "DESKTOP-NIOUKC3",
    "session_token": "DESKTOP-NIOUKC3_2026-03-27_11-03-40",
    "type": "windows_event_grouped",
    "data": {
      "log": "application",
      "event_id": 1073742828,
      "source": "Software Protection Platform Service",
      "severity": "info",
      "event_type": "info",
      "first_time": "2026-03-27 10:38:24",
      "last_time": "2026-03-27 10:38:16",
      "count": 16,
      "message": "Установлена лицензия: Office 21 UL phone License [повторяется 16 раз, 2026-03-27 10:38:24 - 2026-03-27 10:38:16]",
      "category": 0,
      "user": null
    }
  },
  {
    "computer_name": "DESKTOP-NIOUKC3",
    "session_token": "DESKTOP-NIOUKC3_2026-03-27_11-03-40",
    "type": "windows_event_grouped",
    "data": {
      "log": "application",
      "event_id": 1073742828,
      "source": "Software Protection Platform Service",
      "severity": "info",
      "event_type": "info",
      "first_time": "2026-03-27 10:38:25",
      "last_time": "2026-03-27 10:38:16",
      "count": 7,
      "message": "Установлена лицензия: Office8E5931CC-12BA-4C58-BA0A-4E0684078AC9 PPD License [повторяется 7 раз, 2026-03-27 10:38:25 - 2026-03-27 10:38:16]",
      "category": 0,
      "user": null
    }
  },
  {
    "timestamp": "2026-03-27 10:38:26",
    "computer_name": "DESKTOP-NIOUKC3",
    "session_token": "DESKTOP-NIOUKC3_2026-03-27_11-03-40",
    "type": "windows_event",
    "data": {
      "log": "application",
      "event_id": 1073742828,
      "source": "Software Protection Platform Service",
      "severity": "info",
      "event_type": "info",
      "message": "Установлена лицензия: Office784F754E-3578-45EF-83EF-0E03D32F4317 PPD License",
      "category": 0,
      "user": null
    }
  },
  {
    "computer_name": "DESKTOP-NIOUKC3",
    "session_token": "DESKTOP-NIOUKC3_2026-03-27_11-03-40",
    "type": "windows_event_grouped",
    "data": {
      "log": "application",
      "event_id": 1073742828,
      "source": "Software Protection Platform Service",
      "severity": "info",
      "event_type": "info",
      "first_time": "2026-03-27 10:38:26",
      "last_time": "2026-03-27 10:38:15",
      "count": 24,
      "message": "Установлена лицензия: Office 21 UL oob License [повторяется 24 раз, 2026-03-27 10:38:26 - 2026-03-27 10:38:15]",
      "category": 0,
      "user": null
    }
  },
  {
    "computer_name": "DESKTOP-NIOUKC3",
    "session_token": "DESKTOP-NIOUKC3_2026-03-27_11-03-40",
    "type": "windows_event_grouped",
    "data": {
      "log": "application",
      "event_id": 1073742828,
      "source": "Software Protection Platform Service",
      "severity": "info",
      "event_type": "info",
      "first_time": "2026-03-27 10:38:26",
      "last_time": "2026-03-27 10:38:15",
      "count": 20,
      "message": "Установлена лицензия: Office 21 Publishing License [повторяется 20 раз, 2026-03-27 10:38:26 - 2026-03-27 10:38:15]",
      "category": 0,
      "user": null
    }
  },
  {
    "computer_name": "DESKTOP-NIOUKC3",
    "session_token": "DESKTOP-NIOUKC3_2026-03-27_11-03-40",
    "type": "windows_event_grouped",
    "data": {
      "log": "system",
      "event_id": 16,
      "source": "Microsoft-Windows-Kernel-General",
      "severity": "info",
      "event_type": "info",
      "first_time": "2026-03-27 10:38:37",
      "last_time": "2026-03-27 10:38:32",
      "count": 3,
      "message": " [повторяется 3 раз, 2026-03-27 10:38:37 - 2026-03-27 10:38:32]",
      "category": 0,
      "user": "etotimoxa\\DESKTOP-NIOUKC3"
    }
  },
  {
    "computer_name": "DESKTOP-NIOUKC3",
    "session_token": "DESKTOP-NIOUKC3_2026-03-27_11-03-40",
    "type": "windows_event_grouped",
    "data": {
      "log": "application",
      "event_id": 10000,
      "source": "Microsoft-Windows-RestartManager",
      "severity": "info",
      "event_type": "info",
      "first_time": "2026-03-27 10:38:37",
      "last_time": "2026-03-27 10:36:07",
      "count": 4,
      "message": "Запуск сеанса 1 - 2026-03-27T07:38:37.0415771Z.\r\n [повторяется 4 раз, 2026-03-27 10:38:37 - 2026-03-27 10:36:07]",
      "category": 0,
      "user": "etotimoxa\\DESKTOP-NIOUKC3"
    }
  },
  {
    "timestamp": "2026-03-27 10:38:40",
    "computer_name": "DESKTOP-NIOUKC3",
    "session_token": "DESKTOP-NIOUKC3_2026-03-27_11-03-40",
    "type": "windows_event",
    "data": {
      "log": "application",
      "event_id": 1073742857,
      "source": "Software Protection Platform Service",
      "severity": "info",
      "event_type": "info",
      "message": "Эти политики исключаются, так как они определены только с атрибутом override-only.\r\nИмена политик=(Security-SPP-Reserved-EnableNotificationMode) \r\nИдентификатор приложения=55c92734-d682-4d71-983e-d6ec3f16059f\r\nИдентификатор SKU=2de67392-b7a7-462a-b1ca-108dd189f588\r\n",
      "category": 0,
      "user": null
    }
  },
  {
    "timestamp": "2026-03-27 10:38:40",
    "computer_name": "DESKTOP-NIOUKC3",
    "session_token": "DESKTOP-NIOUKC3_2026-03-27_11-03-40",
    "type": "windows_event",
    "data": {
      "log": "application",
      "event_id": 1073742858,
      "source": "Software Protection Platform Service",
      "severity": "info",
      "event_type": "info",
      "message": "Обнаружено повторяющееся определение политики. Имя политики=Security-SPP-IgnoreDeferredActivation  Приоритет=500\r\n",
      "category": 0,
      "user": null
    }
  },
  {
    "computer_name": "DESKTOP-NIOUKC3",
    "session_token": "DESKTOP-NIOUKC3_2026-03-27_11-03-40",
    "type": "windows_event_grouped",
    "data": {
      "log": "application",
      "event_id": 1073742858,
      "source": "Software Protection Platform Service",
      "severity": "info",
      "event_type": "info",
      "first_time": "2026-03-27 10:38:40",
      "last_time": "2026-03-27 10:38:39",
      "count": 21,
      "message": "Обнаружено повторяющееся определение политики. Имя политики=AAD-BlockAADWorkplaceJoin-Default  Приоритет=100\r\n [повторяется 21 раз, 2026-03-27 10:38:40 - 2026-03-27 10:38:39]",
      "category": 0,
      "user": null
    }
  },
  {
    "timestamp": "2026-03-27 10:38:43",
    "computer_name": "DESKTOP-NIOUKC3",
    "session_token": "DESKTOP-NIOUKC3_2026-03-27_11-03-40",
    "type": "windows_event",
    "data": {
      "log": "application",
      "event_id": 103,
      "source": "ESENT",
      "severity": "info",
      "event_type": "info",
      "message": "SearchIndexer (7072,T,97) Windows: Остановлен экземпляр СУБД (0).\r\n\r\n\r\n\r\nНеправильное отключение: 0\r\n\r\n\r\n\r\nПоследовательность внутренней синхронизации: \n[1] 0.000004 +J(0) +M(C:0K, Fs:1, WS:4K # 0K, PF:0K # 0K, P:0K)\n[2] 0.000024 +J(0) +M(C:0K, Fs:1, WS:4K # 0K, PF:0K # 0K, P:0K)\n[3] 0.000002 +J(0)\n[4] 0.000002 +J(0)\n[5] 0.015749 -0.000020 (83) CM -0.009010 (9) WT +J(CM:83, PgRf:0, Rd:0/83, Dy:0/0, Lg:0/0) +M(C:0K, Fs:451, WS:436K # 0K, PF:0K # 0K, P:0K)\n[6] 0.001851 +J(0) +M(C:0K, Fs:2, WS:-994",
      "category": 1,
      "user": null
    }
  },
  {
    "timestamp": "2026-03-27 10:38:47",
    "computer_name": "DESKTOP-NIOUKC3",
    "session_token": "DESKTOP-NIOUKC3_2026-03-27_11-03-40",
    "type": "windows_event",
    "data": {
      "log": "application",
      "event_id": 326,
      "source": "ESENT",
      "severity": "info",
      "event_type": "info",
      "message": "SearchIndexer (24660,D,50) Windows: The database engine attached a database (1, C:\\ProgramData\\Microsoft\\Search\\Data\\Applications\\Windows\\Windows.edb). (Time=0 seconds)\r\n\r\n\r\n\r\nSaved Cache: 0 0\r\n\r\nAdditional Data: lgposAttach = 000016D3:0035:0268,\ndbv = 1568.110.240\r\n\r\n\r\n\r\nInternal Timing Sequence: \n[1] 0.000014 +J(0) +M(C:0K, Fs:1, WS:4K # 0K, PF:0K # 0K, P:0K)\n[2] 0.000301 -0.000001 (1) WT +J(0) +M(C:0K, Fs:26, WS:40K # 0K, PF:32K # 0K, P:32K)\n[3] 0.014218 -0.009684 (6) WT +J(CM:0, PgRf:0, Rd:0",
      "category": 1,
      "user": null
    }
  },
  {
    "timestamp": "2026-03-27 10:38:47",
    "computer_name": "DESKTOP-NIOUKC3",
    "session_token": "DESKTOP-NIOUKC3_2026-03-27_11-03-40",
    "type": "windows_event",
    "data": {
      "log": "application",
      "event_id": 105,
      "source": "ESENT",
      "severity": "info",
      "event_type": "info",
      "message": "SearchIndexer (24660,D,0) Windows: The database engine started a new instance (0). (Time=0 seconds)\r\n\r\n\r\n\r\nAdditional Data:\r\n\r\n\r\n\r\n\r\n\r\nInternal Timing Sequence: \n[1] 0.001349 +J(0) +M(C:0K, Fs:285, WS:1108K # 1108K, PF:5388K # 5388K, P:5388K)\n[2] 0.000617 +J(0) +M(C:0K, Fs:159, WS:628K # 628K, PF:452K # 452K, P:452K)\n[3] 0.000424 +J(0) +M(C:0K, Fs:11, WS:44K # 44K, PF:64K # 64K, P:64K)\n[4] 0.000173 +J(0) +M(C:0K, Fs:27, WS:104K # 104K, PF:368K # 368K, P:368K)\n[5] 0.001886 +J(0) +M(C:0K, Fs:12, W",
      "category": 1,
      "user": null
    }
  },
  {
    "timestamp": "2026-03-27 10:38:54",
    "computer_name": "DESKTOP-NIOUKC3",
    "session_token": "DESKTOP-NIOUKC3_2026-03-27_11-03-40",
    "type": "windows_event",
    "data": {
      "log": "application",
      "event_id": 1040,
      "source": "MsiInstaller",
      "severity": "info",
      "event_type": "info",
      "message": "Начало транзакции установщика Windows: {90160000-007E-0000-1000-0000000FF1CE}. ИД клиентского процесса: 10920.\r\n",
      "category": 0,
      "user": "СИСТЕМА\\NT AUTHORITY"
    }
  },
  {
    "timestamp": "2026-03-27 10:38:55",
    "computer_name": "DESKTOP-NIOUKC3",
    "session_token": "DESKTOP-NIOUKC3_2026-03-27_11-03-40",
    "type": "windows_event",
    "data": {
      "log": "application",
      "event_id": 1042,
      "source": "MsiInstaller",
      "severity": "info",
      "event_type": "info",
      "message": "Окончание транзакции установщика Windows: {90160000-007E-0000-1000-0000000FF1CE}. ИД клиентского процесса: 10920.\r\n",
      "category": 0,
      "user": "СИСТЕМА\\NT AUTHORITY"
    }
  },
  {
    "timestamp": "2026-03-27 10:38:55",
    "computer_name": "DESKTOP-NIOUKC3",
    "session_token": "DESKTOP-NIOUKC3_2026-03-27_11-03-40",
    "type": "windows_event",
    "data": {
      "log": "application",
      "event_id": 1034,
      "source": "MsiInstaller",
      "severity": "info",
      "event_type": "info",
      "message": "Установщик Windows выполнил удаление продукта. Продукт: Office 16 Click-to-Run Licensing Component. Версия: 16.0.19029.20208. Язык: 0. Изготовитель: Microsoft Corporation. Удаление завершено с состоянием: 0.\r\n",
      "category": 0,
      "user": "СИСТЕМА\\NT AUTHORITY"
    }
  },
  {
    "timestamp": "2026-03-27 10:38:55",
    "computer_name": "DESKTOP-NIOUKC3",
    "session_token": "DESKTOP-NIOUKC3_2026-03-27_11-03-40",
    "type": "windows_event",
    "data": {
      "log": "application",
      "event_id": 11724,
      "source": "MsiInstaller",
      "severity": "info",
      "event_type": "info",
      "message": "Product: Office 16 Click-to-Run Licensing Component -- Удаление завершено успешно.\r\n",
      "category": 0,
      "user": "СИСТЕМА\\NT AUTHORITY"
    }
  },
  {
    "timestamp": "2026-03-27 10:39:10",
    "computer_name": "DESKTOP-NIOUKC3",
    "session_token": "DESKTOP-NIOUKC3_2026-03-27_11-03-40",
    "type": "windows_event",
    "data": {
      "log": "application",
      "event_id": 1073758208,
      "source": "Software Protection Platform Service",
      "severity": "info",
      "event_type": "info",
      "message": "Перезапуск службы защиты программного обеспечения успешно запланирован на 2026-04-02T08:35:10Z. Причина: RulesEngine.\r\n",
      "category": 0,
      "user": null
    }
  },
  {
    "computer_name": "DESKTOP-NIOUKC3",
    "session_token": "DESKTOP-NIOUKC3_2026-03-27_11-03-40",
    "type": "windows_event_grouped",
    "data": {
      "log": "application",
      "event_id": 1073742837,
      "source": "Windows Search Service",
      "severity": "info",
      "event_type": "info",
      "first_time": "2026-03-27 10:39:14",
      "last_time": "2026-03-27 10:38:43",
      "count": 2,
      "message": "Служба Windows Search успешно остановлена.\n\r\n [повторяется 2 раз, 2026-03-27 10:39:14 - 2026-03-27 10:38:43]",
      "category": 1,
      "user": null
    }
  },
  {
    "computer_name": "DESKTOP-NIOUKC3",
    "session_token": "DESKTOP-NIOUKC3_2026-03-27_11-03-40",
    "type": "windows_event_grouped",
    "data": {
      "log": "application",
      "event_id": 1040,
      "source": "MsiInstaller",
      "severity": "info",
      "event_type": "info",
      "first_time": "2026-03-27 10:39:17",
      "last_time": "2026-03-27 10:38:55",
      "count": 2,
      "message": "Начало транзакции установщика Windows: c:\\program files\\microsoft office\\root\\integration\\c2rint.16.msi. ИД клиентского процесса: 10920.\r\n [повторяется 2 раз, 2026-03-27 10:39:17 - 2026-03-27 10:38:55]",
      "category": 0,
      "user": "СИСТЕМА\\NT AUTHORITY"
    }
  },
  {
    "timestamp": "2026-03-27 10:39:20",
    "computer_name": "DESKTOP-NIOUKC3",
    "session_token": "DESKTOP-NIOUKC3_2026-03-27_11-03-40",
    "type": "windows_event",
    "data": {
      "log": "application",
      "event_id": 326,
      "source": "ESENT",
      "severity": "info",
      "event_type": "info",
      "message": "SearchIndexer (29640,D,50) Windows: The database engine attached a database (1, C:\\ProgramData\\Microsoft\\Search\\Data\\Applications\\Windows\\Windows.edb). (Time=0 seconds)\r\n\r\n\r\n\r\nSaved Cache: 0 0\r\n\r\nAdditional Data: lgposAttach = 000016D3:003D:0268,\ndbv = 1568.110.240\r\n\r\n\r\n\r\nInternal Timing Sequence: \n[1] 0.000004 +J(0)\n[2] 0.000613 +J(0) +M(C:0K, Fs:24, WS:32K # 0K, PF:32K # 0K, P:32K)\n[3] 0.008724 -0.004017 (5) WT +J(CM:0, PgRf:0, Rd:0/0, Dy:0/0, Lg:3480/2) +M(C:0K, Fs:24, WS:64K # 0K, PF:48K # 0",
      "category": 1,
      "user": null
    }
  },
  {
    "timestamp": "2026-03-27 10:39:20",
    "computer_name": "DESKTOP-NIOUKC3",
    "session_token": "DESKTOP-NIOUKC3_2026-03-27_11-03-40",
    "type": "windows_event",
    "data": {
      "log": "application",
      "event_id": 105,
      "source": "ESENT",
      "severity": "info",
      "event_type": "info",
      "message": "SearchIndexer (29640,D,0) Windows: The database engine started a new instance (0). (Time=0 seconds)\r\n\r\n\r\n\r\nAdditional Data:\r\n\r\nlgposV2[] = 000016D3:0001:0000 - 000016D3:003A:023A - 000016D3:003B:0000 - 000016D3:003B:0000 (00000000:0000:0000)\ncReInits = 1\n\r\n\r\n\r\n\r\nInternal Timing Sequence: \n[1] 0.000978 +J(0) +M(C:0K, Fs:191, WS:732K # 732K, PF:4852K # 4852K, P:4852K)\n[2] 0.000490 +J(0) +M(C:0K, Fs:241, WS:964K # 964K, PF:980K # 980K, P:980K)\n[3] 0.000038 +J(0) +M(C:0K, Fs:17, WS:64K # 64K, PF:68K",
      "category": 1,
      "user": null
    }
  },
  {
    "timestamp": "2026-03-27 10:39:20",
    "computer_name": "DESKTOP-NIOUKC3",
    "session_token": "DESKTOP-NIOUKC3_2026-03-27_11-03-40",
    "type": "windows_event",
    "data": {
      "log": "application",
      "event_id": 302,
      "source": "ESENT",
      "severity": "info",
      "event_type": "info",
      "message": "SearchIndexer (29640,U,98) Windows: СУБД успешно завершила восстановление.\r\n",
      "category": 3,
      "user": null
    }
  },
  {
    "timestamp": "2026-03-27 10:39:20",
    "computer_name": "DESKTOP-NIOUKC3",
    "session_token": "DESKTOP-NIOUKC3_2026-03-27_11-03-40",
    "type": "windows_event",
    "data": {
      "log": "application",
      "event_id": 301,
      "source": "ESENT",
      "severity": "info",
      "event_type": "info",
      "message": "SearchIndexer (29640,R,98) Windows: The database engine has finished replaying logfile C:\\ProgramData\\Microsoft\\Search\\Data\\Applications\\Windows\\edb.jtx.\r\n\r\n\r\n\r\nProcessing Stats: \n[1] 0.033715 -0.001836 (5) CM -0.017089 (8) WT +J(CM:5, PgRf:19, Rd:0/5, Dy:3/17, Lg:230956/632) +M(C:0K, Fs:417, WS:732K # 648K, PF:660K # 564K, P:660K).\r\n\r\nLog record of type 'Delete   ' was seen most frequently (204 times)\r\n",
      "category": 3,
      "user": null
    }
  },
  {
    "timestamp": "2026-03-27 10:39:20",
    "computer_name": "DESKTOP-NIOUKC3",
    "session_token": "DESKTOP-NIOUKC3_2026-03-27_11-03-40",
    "type": "windows_event",
    "data": {
      "log": "application",
      "event_id": 300,
      "source": "ESENT",
      "severity": "info",
      "event_type": "info",
      "message": "SearchIndexer (29640,R,98) Windows: СУБД осуществляет подготовку к восстановлению.\r\n",
      "category": 3,
      "user": null
    }
  },
  {
    "computer_name": "DESKTOP-NIOUKC3",
    "session_token": "DESKTOP-NIOUKC3_2026-03-27_11-03-40",
    "type": "windows_event_grouped",
    "data": {
      "log": "application",
      "event_id": 102,
      "source": "ESENT",
      "severity": "info",
      "event_type": "info",
      "first_time": "2026-03-27 10:39:20",
      "last_time": "2026-03-27 10:38:47",
      "count": 2,
      "message": "SearchIndexer (29640,P,98) Windows: Запущен новый экземпляр (0) СУБД (10.00.19045.0000).\r\n [повторяется 2 раз, 2026-03-27 10:39:20 - 2026-03-27 10:38:47]",
      "category": 1,
      "user": null
    }
  },
  {
    "timestamp": "2026-03-27 10:39:20",
    "computer_name": "DESKTOP-NIOUKC3",
    "session_token": "DESKTOP-NIOUKC3_2026-03-27_11-03-40",
    "type": "windows_event",
    "data": {
      "log": "application",
      "event_id": 1040,
      "source": "MsiInstaller",
      "severity": "info",
      "event_type": "info",
      "message": "Начало транзакции установщика Windows: c:\\program files\\microsoft office\\root\\integration\\c2rintloc.ru-ru.16.msi. ИД клиентского процесса: 10920.\r\n",
      "category": 0,
      "user": "СИСТЕМА\\NT AUTHORITY"
    }
  },
  {
    "computer_name": "DESKTOP-NIOUKC3",
    "session_token": "DESKTOP-NIOUKC3_2026-03-27_11-03-40",
    "type": "windows_event_grouped",
    "data": {
      "log": "application",
      "event_id": 1042,
      "source": "MsiInstaller",
      "severity": "info",
      "event_type": "info",
      "first_time": "2026-03-27 10:39:20",
      "last_time": "2026-03-27 10:39:14",
      "count": 2,
      "message": "Окончание транзакции установщика Windows: c:\\program files\\microsoft office\\root\\integration\\c2rint.16.msi. ИД клиентского процесса: 10920.\r\n [повторяется 2 раз, 2026-03-27 10:39:20 - 2026-03-27 10:39:14]",
      "category": 0,
      "user": "СИСТЕМА\\NT AUTHORITY"
    }
  },
  {
    "computer_name": "DESKTOP-NIOUKC3",
    "session_token": "DESKTOP-NIOUKC3_2026-03-27_11-03-40",
    "type": "windows_event_grouped",
    "data": {
      "log": "application",
      "event_id": 1035,
      "source": "MsiInstaller",
      "severity": "info",
      "event_type": "info",
      "first_time": "2026-03-27 10:39:20",
      "last_time": "2026-03-27 10:39:14",
      "count": 2,
      "message": "Установщик Windows изменил настройку продукта. Продукт: Office 16 Click-to-Run Extensibility Component. Версия: 16.0.19822.20104. Язык: 0. Изготовител... [повторяется 2 раз, 2026-03-27 10:39:20 - 2026-03-27 10:39:14]",
      "category": 0,
      "user": "СИСТЕМА\\NT AUTHORITY"
    }
  },
  {
    "computer_name": "DESKTOP-NIOUKC3",
    "session_token": "DESKTOP-NIOUKC3_2026-03-27_11-03-40",
    "type": "windows_event_grouped",
    "data": {
      "log": "application",
      "event_id": 11728,
      "source": "MsiInstaller",
      "severity": "info",
      "event_type": "info",
      "first_time": "2026-03-27 10:39:20",
      "last_time": "2026-03-27 10:39:14",
      "count": 2,
      "message": "Продукт: Office 16 Click-to-Run Extensibility Component -- Настройка завершена успешно.\r\n [повторяется 2 раз, 2026-03-27 10:39:20 - 2026-03-27 10:39:14]",
      "category": 0,
      "user": "СИСТЕМА\\NT AUTHORITY"
    }
  },
  {
    "computer_name": "DESKTOP-NIOUKC3",
    "session_token": "DESKTOP-NIOUKC3_2026-03-27_11-03-40",
    "type": "windows_event_grouped",
    "data": {
      "log": "application",
      "event_id": 1073742827,
      "source": "Windows Search Service",
      "severity": "info",
      "event_type": "info",
      "first_time": "2026-03-27 10:39:21",
      "last_time": "2026-03-27 10:38:47",
      "count": 2,
      "message": "Служба Windows Search запущена.\n\r\n [повторяется 2 раз, 2026-03-27 10:39:21 - 2026-03-27 10:38:47]",
      "category": 1,
      "user": null
    }
  },
  {
    "timestamp": "2026-03-27 10:39:22",
    "computer_name": "DESKTOP-NIOUKC3",
    "session_token": "DESKTOP-NIOUKC3_2026-03-27_11-03-40",
    "type": "windows_event",
    "data": {
      "log": "application",
      "event_id": 1042,
      "source": "MsiInstaller",
      "severity": "info",
      "event_type": "info",
      "message": "Окончание транзакции установщика Windows: c:\\program files\\microsoft office\\root\\integration\\c2rintloc.ru-ru.16.msi. ИД клиентского процесса: 10920.\r\n",
      "category": 0,
      "user": "СИСТЕМА\\NT AUTHORITY"
    }
  },
  {
    "timestamp": "2026-03-27 10:39:22",
    "computer_name": "DESKTOP-NIOUKC3",
    "session_token": "DESKTOP-NIOUKC3_2026-03-27_11-03-40",
    "type": "windows_event",
    "data": {
      "log": "application",
      "event_id": 1035,
      "source": "MsiInstaller",
      "severity": "info",
      "event_type": "info",
      "message": "Установщик Windows изменил настройку продукта. Продукт: Office 16 Click-to-Run Localization Component. Версия: 16.0.19822.20104. Язык: 1049. Изготовитель: Microsoft Corporation. Изменение настройки завершено с состоянием: 0.\r\n",
      "category": 0,
      "user": "СИСТЕМА\\NT AUTHORITY"
    }
  },
  {
    "timestamp": "2026-03-27 10:39:22",
    "computer_name": "DESKTOP-NIOUKC3",
    "session_token": "DESKTOP-NIOUKC3_2026-03-27_11-03-40",
    "type": "windows_event",
    "data": {
      "log": "application",
      "event_id": 11728,
      "source": "MsiInstaller",
      "severity": "info",
      "event_type": "info",
      "message": "Продукт: Office 16 Click-to-Run Localization Component -- Настройка завершена успешно.\r\n",
      "category": 0,
      "user": "СИСТЕМА\\NT AUTHORITY"
    }
  },
  {
    "timestamp": "2026-03-27 10:40:22",
    "computer_name": "DESKTOP-NIOUKC3",
    "session_token": "DESKTOP-NIOUKC3_2026-03-27_11-03-40",
    "type": "windows_event",
    "data": {
      "log": "application",
      "event_id": 1000,
      "source": "Application Error",
      "severity": "error",
      "event_type": "error",
      "message": "Имя сбойного приложения: python.exe, версия: 3.12.150.1013, метка времени: 0x651ac086\r\nИмя сбойного модуля: Qt6Core.dll, версия: 6.10.2.0, метка времени: 0x696e7645\r\nКод исключения: 0xc0000409\r\nСмещение ошибки: 0x000000000001bbd8\r\nИдентификатор сбойного процесса: 0x6a3c\r\nВремя запуска сбойного приложения: 0x01dcbdbcf309efac\r\nПуть сбойного приложения: C:\\Users\\Тимофей\\AppData\\Local\\Programs\\Python\\Python312\\python.exe\r\nПуть сбойного модуля: C:\\Users\\Тимофей\\AppData\\Local\\Programs\\Python\\Python312",
      "category": 100,
      "user": null
    }
  },
  {
    "timestamp": "2026-03-27 10:40:48",
    "computer_name": "DESKTOP-NIOUKC3",
    "session_token": "DESKTOP-NIOUKC3_2026-03-27_11-03-40",
    "type": "windows_event",
    "data": {
      "log": "application",
      "event_id": 1073758208,
      "source": "Software Protection Platform Service",
      "severity": "info",
      "event_type": "info",
      "message": "Перезапуск службы защиты программного обеспечения успешно запланирован на 2026-04-02T08:34:48Z. Причина: RulesEngine.\r\n",
      "category": 0,
      "user": null
    }
  },
  {
    "timestamp": "2026-03-27 10:42:45",
    "computer_name": "DESKTOP-NIOUKC3",
    "session_token": "DESKTOP-NIOUKC3_2026-03-27_11-03-40",
    "type": "windows_event",
    "data": {
      "log": "application",
      "event_id": 1000,
      "source": "Application Error",
      "severity": "error",
      "event_type": "error",
      "message": "Имя сбойного приложения: python.exe, версия: 3.12.150.1013, метка времени: 0x651ac086\r\nИмя сбойного модуля: Qt6Core.dll, версия: 6.10.2.0, метка времени: 0x696e7645\r\nКод исключения: 0xc0000409\r\nСмещение ошибки: 0x000000000001bbd8\r\nИдентификатор сбойного процесса: 0x1638\r\nВремя запуска сбойного приложения: 0x01dcbdbd46f437bf\r\nПуть сбойного приложения: C:\\Users\\Тимофей\\AppData\\Local\\Programs\\Python\\Python312\\python.exe\r\nПуть сбойного модуля: C:\\Users\\Тимофей\\AppData\\Local\\Programs\\Python\\Python312",
      "category": 100,
      "user": null
    }
  },
  {
    "timestamp": "2026-03-27 10:43:03",
    "computer_name": "DESKTOP-NIOUKC3",
    "session_token": "DESKTOP-NIOUKC3_2026-03-27_11-03-40",
    "type": "windows_event",
    "data": {
      "log": "application",
      "event_id": 1000,
      "source": "Application Error",
      "severity": "error",
      "event_type": "error",
      "message": "Имя сбойного приложения: python.exe, версия: 3.12.150.1013, метка времени: 0x651ac086\r\nИмя сбойного модуля: Qt6Core.dll, версия: 6.10.2.0, метка времени: 0x696e7645\r\nКод исключения: 0xc0000409\r\nСмещение ошибки: 0x000000000001bbd8\r\nИдентификатор сбойного процесса: 0x5370\r\nВремя запуска сбойного приложения: 0x01dcbdbd5317631e\r\nПуть сбойного приложения: C:\\Users\\Тимофей\\AppData\\Local\\Programs\\Python\\Python312\\python.exe\r\nПуть сбойного модуля: C:\\Users\\Тимофей\\AppData\\Local\\Programs\\Python\\Python312",
      "category": 100,
      "user": null
    }
  },
  {
    "timestamp": "2026-03-27 10:43:17",
    "computer_name": "DESKTOP-NIOUKC3",
    "session_token": "DESKTOP-NIOUKC3_2026-03-27_11-03-40",
    "type": "windows_event",
    "data": {
      "log": "application",
      "event_id": 1000,
      "source": "Application Error",
      "severity": "error",
      "event_type": "error",
      "message": "Имя сбойного приложения: python.exe, версия: 3.12.150.1013, метка времени: 0x651ac086\r\nИмя сбойного модуля: Qt6Core.dll, версия: 6.10.2.0, метка времени: 0x696e7645\r\nКод исключения: 0xc0000409\r\nСмещение ошибки: 0x000000000001bbd8\r\nИдентификатор сбойного процесса: 0x68c0\r\nВремя запуска сбойного приложения: 0x01dcbdbd5bc70eb7\r\nПуть сбойного приложения: C:\\Users\\Тимофей\\AppData\\Local\\Programs\\Python\\Python312\\python.exe\r\nПуть сбойного модуля: C:\\Users\\Тимофей\\AppData\\Local\\Programs\\Python\\Python312",
      "category": 100,
      "user": null
    }
  },
  {
    "computer_name": "DESKTOP-NIOUKC3",
    "session_token": "DESKTOP-NIOUKC3_2026-03-27_11-03-40",
    "type": "windows_event_grouped",
    "data": {
      "log": "application",
      "event_id": 1001,
      "source": "Windows Error Reporting",
      "severity": "info",
      "event_type": "info",
      "first_time": "2026-03-27 10:43:19",
      "last_time": "2026-03-27 10:40:25",
      "count": 4,
      "message": "Контейнер ошибки 1414391219228355177, тип 5\r\nИмя события: BEX64\r\nОтклик: Нет данных\r\nИдентификатор CAB: 0\r\n\r\nСигнатура проблемы:\r\nP1: python.exe\r\nP2: ... [повторяется 4 раз, 2026-03-27 10:43:19 - 2026-03-27 10:40:25]",
      "category": 0,
      "user": null
    }
  },
  {
    "timestamp": "2026-03-27 11:02:16",
    "computer_name": "DESKTOP-NIOUKC3",
    "session_token": "DESKTOP-NIOUKC3_2026-03-27_11-03-40",
    "type": "windows_event",
    "data": {
      "log": "application",
      "event_id": 1073758208,
      "source": "Software Protection Platform Service",
      "severity": "info",
      "event_type": "info",
      "message": "Перезапуск службы защиты программного обеспечения успешно запланирован на 2026-04-02T08:35:16Z. Причина: RulesEngine.\r\n",
      "category": 0,
      "user": null
    }
  },
  {
    "computer_name": "DESKTOP-NIOUKC3",
    "session_token": "DESKTOP-NIOUKC3_2026-03-27_11-03-40",
    "type": "windows_event_grouped",
    "data": {
      "log": "application",
      "event_id": -1073725430,
      "source": "Software Protection Platform Service",
      "severity": "info",
      "event_type": "info",
      "first_time": "2026-03-27 11:03:22",
      "last_time": "2026-03-27 10:36:14",
      "count": 6,
      "message": "Миграция прежних версий без подключения к сети прошла успешно.\r\n [повторяется 6 раз, 2026-03-27 11:03:22 - 2026-03-27 10:36:14]",
      "category": 0,
      "user": null
    }
  },
  {
    "timestamp": "2026-03-27T11:05:27.920130",
    "computer_name": "DESKTOP-NIOUKC3",
    "session_token": "DESKTOP-NIOUKC3_2026-03-27_11-05-23",
    "type": "metric",
    "data": {
      "cpu_usage": 1.2,
      "ram_usage": 85.6,
      "ram_used_gb": 13.19,
      "ram_total_gb": 15.41,
      "disk_usage": 89.3,
      "disk_used_gb": 421.04,
      "disk_total_gb": 471.3,
      "network_sent_mb": 117.82,
      "network_recv_mb": 672.43,
      "uptime_seconds": 1774434881.092955
    }
  },
  {
    "timestamp": "2026-03-27T11:11:39.404739",
    "computer_name": "DESKTOP-NIOUKC3",
    "session_token": "DESKTOP-NIOUKC3_2026-03-27_11-11-35",
    "type": "metric",
    "data": {
      "cpu_usage": 1.8,
      "ram_usage": 86.5,
      "ram_used_gb": 13.33,
      "ram_total_gb": 15.41,
      "disk_usage": 89.3,
      "disk_used_gb": 421.03,
      "disk_total_gb": 471.3,
      "network_sent_mb": 120.01,
      "network_recv_mb": 677.72,
      "uptime_seconds": 1774434881.092955
    }
  },
  {
    "timestamp": "2026-03-27T11:18:52.031425",
    "computer_name": "DESKTOP-NIOUKC3",
    "session_token": "DESKTOP-NIOUKC3_2026-03-27_11-18-48",
    "type": "metric",
    "data": {
      "cpu_usage": 1.4,
      "ram_usage": 88.0,
      "ram_used_gb": 13.56,
      "ram_total_gb": 15.41,
      "disk_usage": 89.3,
      "disk_used_gb": 421.03,
      "disk_total_gb": 471.3,
      "network_sent_mb": 121.63,
      "network_recv_mb": 683.99,
      "uptime_seconds": 1774434881.092955
    }
  },
  {
    "timestamp": "2026-03-27T11:22:57.891493",
    "computer_name": "DESKTOP-NIOUKC3",
    "session_token": "DESKTOP-NIOUKC3_2026-03-27_11-22-54",
    "type": "metric",
    "data": {
      "cpu_usage": 4.5,
      "ram_usage": 83.9,
      "ram_used_gb": 12.93,
      "ram_total_gb": 15.41,
      "disk_usage": 89.3,
      "disk_used_gb": 421.03,
      "disk_total_gb": 471.3,
      "network_sent_mb": 122.41,
      "network_recv_mb": 688.23,
      "uptime_seconds": 1774434881.092955
    }
  },
  {
    "timestamp": "2026-03-27T11:24:40.274222",
    "computer_name": "DESKTOP-NIOUKC3",
    "session_token": "DESKTOP-NIOUKC3_2026-03-27_11-24-36",
    "type": "metric",
    "data": {
      "cpu_usage": 11.7,
      "ram_usage": 82.5,
      "ram_used_gb": 12.7,
      "ram_total_gb": 15.41,
      "disk_usage": 89.3,
      "disk_used_gb": 421.03,
      "disk_total_gb": 471.3,
      "network_sent_mb": 123.16,
      "network_recv_mb": 689.62,
      "uptime_seconds": 1774434881.0929549
    }
  },
  {
    "timestamp": "2026-03-27T11:28:11.487530",
    "computer_name": "DESKTOP-NIOUKC3",
    "session_token": "DESKTOP-NIOUKC3_2026-03-27_11-28-07",
    "type": "metric",
    "data": {
      "cpu_usage": 4.5,
      "ram_usage": 80.1,
      "ram_used_gb": 12.34,
      "ram_total_gb": 15.41,
      "disk_usage": 89.3,
      "disk_used_gb": 421.01,
      "disk_total_gb": 471.3,
      "network_sent_mb": 124.57,
      "network_recv_mb": 695.68,
      "uptime_seconds": 1774434881.092955
    }
  },
  {
    "timestamp": "2026-03-27T11:41:21.959832",
    "computer_name": "DESKTOP-NIOUKC3",
    "session_token": "DESKTOP-NIOUKC3_2026-03-27_11-41-17",
    "type": "metric",
    "data": {
      "cpu_usage": 1.0,
      "ram_usage": 84.8,
      "ram_used_gb": 13.07,
      "ram_total_gb": 15.41,
      "disk_usage": 89.3,
      "disk_used_gb": 421.0,
      "disk_total_gb": 471.3,
      "network_sent_mb": 134.03,
      "network_recv_mb": 817.68,
      "uptime_seconds": 1774434881.0929549
    }
  },
  {
    "timestamp": "2026-03-27 11:32:50",
    "computer_name": "DESKTOP-NIOUKC3",
    "session_token": "DESKTOP-NIOUKC3_2026-03-27_11-41-17",
    "type": "windows_event",
    "data": {
      "log": "application",
      "event_id": 1073758208,
      "source": "Software Protection Platform Service",
      "severity": "info",
      "event_type": "info",
      "message": "Перезапуск службы защиты программного обеспечения успешно запланирован на 2026-04-02T08:34:50Z. Причина: RulesEngine.\r\n",
      "category": 0,
      "user": null
    }
  },
  {
    "timestamp": "2026-03-27 11:33:26",
    "computer_name": "DESKTOP-NIOUKC3",
    "session_token": "DESKTOP-NIOUKC3_2026-03-27_11-41-17",
    "type": "windows_event",
    "data": {
      "log": "system",
      "event_id": 105,
      "source": "Microsoft-Windows-Kernel-Power",
      "severity": "info",
      "event_type": "info",
      "message": "",
      "category": 100,
      "user": "СИСТЕМА\\NT AUTHORITY"
    }
  },
  {
    "timestamp": "2026-03-27 11:33:58",
    "computer_name": "DESKTOP-NIOUKC3",
    "session_token": "DESKTOP-NIOUKC3_2026-03-27_11-41-17",
    "type": "windows_event",
    "data": {
      "log": "application",
      "event_id": 1073758208,
      "source": "Software Protection Platform Service",
      "severity": "info",
      "event_type": "info",
      "message": "Перезапуск службы защиты программного обеспечения успешно запланирован на 2026-04-02T08:34:58Z. Причина: RulesEngine.\r\n",
      "category": 0,
      "user": null
    }
  },
  {
    "timestamp": "2026-03-27 11:35:18",
    "computer_name": "DESKTOP-NIOUKC3",
    "session_token": "DESKTOP-NIOUKC3_2026-03-27_11-41-17",
    "type": "windows_event",
    "data": {
      "log": "application",
      "event_id": 1073758208,
      "source": "Software Protection Platform Service",
      "severity": "info",
      "event_type": "info",
      "message": "Перезапуск службы защиты программного обеспечения успешно запланирован на 2026-04-02T08:35:18Z. Причина: RulesEngine.\r\n",
      "category": 0,
      "user": null
    }
  },
  {
    "computer_name": "DESKTOP-NIOUKC3",
    "session_token": "DESKTOP-NIOUKC3_2026-03-27_11-41-17",
    "type": "windows_event_grouped",
    "data": {
      "log": "application",
      "event_id": -1073725430,
      "source": "Software Protection Platform Service",
      "severity": "info",
      "event_type": "info",
      "first_time": "2026-03-27 11:36:10",
      "last_time": "2026-03-27 11:32:19",
      "count": 4,
      "message": "Миграция прежних версий без подключения к сети прошла успешно.\r\n [повторяется 4 раз, 2026-03-27 11:36:10 - 2026-03-27 11:32:19]",
      "category": 0,
      "user": null
    }
  },
  {
    "timestamp": "2026-03-27 11:36:40",
    "computer_name": "DESKTOP-NIOUKC3",
    "session_token": "DESKTOP-NIOUKC3_2026-03-27_11-41-17",
    "type": "windows_event",
    "data": {
      "log": "application",
      "event_id": 1073758208,
      "source": "Software Protection Platform Service",
      "severity": "info",
      "event_type": "info",
      "message": "Перезапуск службы защиты программного обеспечения успешно запланирован на 2026-04-02T08:34:40Z. Причина: RulesEngine.\r\n",
      "category": 0,
      "user": null
    }
  },
  {
    "computer_name": "DESKTOP-NIOUKC3",
    "session_token": "DESKTOP-NIOUKC3_2026-03-27_11-41-17",
    "type": "windows_event_grouped",
    "data": {
      "log": "system",
      "event_id": 16,
      "source": "Microsoft-Windows-Kernel-General",
      "severity": "info",
      "event_type": "info",
      "first_time": "2026-03-27 11:37:01",
      "last_time": "2026-03-27 11:32:14",
      "count": 4,
      "message": " [повторяется 4 раз, 2026-03-27 11:37:01 - 2026-03-27 11:32:14]",
      "category": 0,
      "user": "СИСТЕМА\\NT AUTHORITY"
    }
  },
  {
    "timestamp": "2026-03-27T11:43:24.281880",
    "computer_name": "DESKTOP-NIOUKC3",
    "session_token": "DESKTOP-NIOUKC3_2026-03-27_11-43-20",
    "type": "metric",
    "data": {
      "cpu_usage": 3.8,
      "ram_usage": 83.5,
      "ram_used_gb": 12.87,
      "ram_total_gb": 15.41,
      "disk_usage": 89.3,
      "disk_used_gb": 421.0,
      "disk_total_gb": 471.3,
      "network_sent_mb": 134.53,
      "network_recv_mb": 819.39,
      "uptime_seconds": 1774434881.0929554
    }
  },
  {
    "timestamp": "2026-03-27T11:45:07.669685",
    "computer_name": "DESKTOP-NIOUKC3",
    "session_token": "DESKTOP-NIOUKC3_2026-03-27_11-45-04",
    "type": "metric",
    "data": {
      "cpu_usage": 2.2,
      "ram_usage": 83.7,
      "ram_used_gb": 12.89,
      "ram_total_gb": 15.41,
      "disk_usage": 89.3,
      "disk_used_gb": 421.0,
      "disk_total_gb": 471.3,
      "network_sent_mb": 134.83,
      "network_recv_mb": 820.57,
      "uptime_seconds": 1774434881.092955
    }
  },
  {
    "timestamp": "2026-03-27T11:49:51.703732",
    "computer_name": "DESKTOP-NIOUKC3",
    "session_token": "DESKTOP-NIOUKC3_2026-03-27_11-49-48",
    "type": "metric",
    "data": {
      "cpu_usage": 0.5,
      "ram_usage": 85.9,
      "ram_used_gb": 13.23,
      "ram_total_gb": 15.41,
      "disk_usage": 89.3,
      "disk_used_gb": 421.04,
      "disk_total_gb": 471.3,
      "network_sent_mb": 135.91,
      "network_recv_mb": 827.71,
      "uptime_seconds": 1774434881.092955
    }
  }
]