[
  {
    "timestamp": "2026-03-26T22:43:42.651905",
    "computer_name": "DESKTOP-NIOUKC3",
    "session_token": "DESKTOP-NIOUKC3_2026-03-26_22-43-39",
    "type": "metric",
    "data": {
      "cpu_usage": 9.9,
      "ram_usage": 88.6,
      "ram_used_gb": 13.65,
      "ram_total_gb": 15.41,
      "disk_usage": 89.3,
      "disk_used_gb": 420.87,
      "disk_total_gb": 471.3,
      "network_sent_mb": 69.67,
      "network_recv_mb": 189.89,
      "uptime_seconds": 1774434881.092955
    }
  },
  {
    "computer_name": "DESKTOP-NIOUKC3",
    "session_token": "DESKTOP-NIOUKC3_2026-03-26_22-43-39",
    "type": "windows_event_grouped",
    "data": {
      "log": "system",
      "event_id": -2147155965,
      "source": "BTHUSB",
      "severity": "warning",
      "event_type": "warning",
      "first_time": "2026-03-26 22:39:35",
      "last_time": "2026-03-26 18:19:59",
      "count": 27,
      "message": "Время ожидания команды, отправленной на адаптер, истекло. Адаптер не ответил.\r\n",
      "category": 0,
      "user": null
    }
  },
  {
    "computer_name": "DESKTOP-NIOUKC3",
    "session_token": "DESKTOP-NIOUKC3_2026-03-26_22-43-39",
    "type": "windows_event_grouped",
    "data": {
      "log": "system",
      "event_id": 10016,
      "source": "DCOM",
      "severity": "warning",
      "event_type": "warning",
      "first_time": "2026-03-26 22:28:33",
      "last_time": "2026-03-26 09:37:05",
      "count": 15,
      "message": "<The description for Event ID ( 10016 ) in Source ( 'DCOM' ) could not be found. It contains the following insertion string(s):'по умолчанию для компьютера, Локально, Активация, {C2F03A33-21F5-47FA-B4BB-156362A2F239}, {316CDED5-E4AE-4B15-9113-7055D84DCC97}, DESKTOP-NIOUKC3, etotimoxa, S-1-5-21-2716794194-4269959084-1182274369-1001, LocalHost (с использованием LRPC), Microsoft.Windows.ShellExperienceHost_10.0.19041.5072_neutral_neutral_cw5n1h2txyewy, S-1-15-2-155514346-2573954481-755741238-1654018636-1233331829-3075935687-2861478708'.>",
      "category": 0,
      "user": "etotimoxa\\DESKTOP-NIOUKC3"
    }
  },
  {
    "computer_name": "DESKTOP-NIOUKC3",
    "session_token": "DESKTOP-NIOUKC3_2026-03-26_22-43-39",
    "type": "windows_event_grouped",
    "data": {
      "log": "system",
      "event_id": 105,
      "source": "Microsoft-Windows-Kernel-Power",
      "severity": "info",
      "event_type": "info",
      "first_time": "2026-03-26 20:54:32",
      "last_time": "2026-03-26 09:19:51",
      "count": 5,
      "message": "",
      "category": 100,
      "user": "СИСТЕМА\\NT AUTHORITY"
    }
  },
  {
    "computer_name": "DESKTOP-NIOUKC3",
    "session_token": "DESKTOP-NIOUKC3_2026-03-26_22-43-39",
    "type": "windows_event_grouped",
    "data": {
      "log": "system",
      "event_id": 16,
      "source": "Microsoft-Windows-Kernel-General",
      "severity": "info",
      "event_type": "info",
      "first_time": "2026-03-26 20:12:22",
      "last_time": "2026-03-26 10:39:45",
      "count": 8,
      "message": "",
      "category": 0,
      "user": "СИСТЕМА\\NT AUTHORITY"
    }
  },
  {
    "computer_name": "DESKTOP-NIOUKC3",
    "session_token": "DESKTOP-NIOUKC3_2026-03-26_22-43-39",
    "type": "windows_event_grouped",
    "data": {
      "log": "system",
      "event_id": 10016,
      "source": "DCOM",
      "severity": "warning",
      "event_type": "warning",
      "first_time": "2026-03-26 18:26:25",
      "last_time": "2026-03-26 18:10:10",
      "count": 2,
      "message": "<The description for Event ID ( 10016 ) in Source ( 'DCOM' ) could not be found. It contains the following insertion string(s):'для конкретного приложения, Локально, Активация, {2593F8B9-4EAF-457C-B68A-50F6B8EA6B54}, {15C20B67-12E7-4BB6-92BB-7AFF07997402}, DESKTOP-NIOUKC3, etotimoxa, S-1-5-21-2716794194-4269959084-1182274369-1001, LocalHost (с использованием LRPC), Недоступно, Недоступно'.>",
      "category": 0,
      "user": "etotimoxa\\DESKTOP-NIOUKC3"
    }
  },
  {
    "timestamp": "2026-03-26 18:10:03",
    "computer_name": "DESKTOP-NIOUKC3",
    "session_token": "DESKTOP-NIOUKC3_2026-03-26_22-43-39",
    "type": "windows_event",
    "data": {
      "log": "system",
      "event_id": 5,
      "source": "Microsoft-Windows-IsolatedUserMode",
      "severity": "info",
      "event_type": "info",
      "message": "Secure Trustlet NULL Id 0 and Pid 0 started with status 0.\r\n",
      "category": 0,
      "user": "etotimoxa\\DESKTOP-NIOUKC3"
    }
  },
  {
    "computer_name": "DESKTOP-NIOUKC3",
    "session_token": "DESKTOP-NIOUKC3_2026-03-26_22-43-39",
    "type": "windows_event_grouped",
    "data": {
      "log": "system",
      "event_id": 507,
      "source": "Microsoft-Windows-Kernel-Power",
      "severity": "info",
      "event_type": "info",
      "first_time": "2026-03-26 18:08:24",
      "last_time": "2026-03-26 09:19:51",
      "count": 8,
      "message": "",
      "category": 158,
      "user": "СИСТЕМА\\NT AUTHORITY"
    }
  },
  {
    "computer_name": "DESKTOP-NIOUKC3",
    "session_token": "DESKTOP-NIOUKC3_2026-03-26_22-43-39",
    "type": "windows_event_grouped",
    "data": {
      "log": "system",
      "event_id": -2147482947,
      "source": "Win32k",
      "severity": "warning",
      "event_type": "warning",
      "first_time": "2026-03-26 18:08:24",
      "last_time": "2026-03-26 09:19:51",
      "count": 12,
      "message": "Диспетчер питания не запросил подавление всех входных данных (INPUT_SUPPRESS_REQUEST=0)\r\n",
      "category": 0,
      "user": null
    }
  },
  {
    "timestamp": "2026-03-26 16:18:06",
    "computer_name": "DESKTOP-NIOUKC3",
    "session_token": "DESKTOP-NIOUKC3_2026-03-26_22-43-39",
    "type": "windows_event",
    "data": {
      "log": "system",
      "event_id": 1014,
      "source": "Microsoft-Windows-DNS-Client",
      "severity": "warning",
      "event_type": "warning",
      "message": "Разрешение имен для имени ds.kaspersky.com истекло после отсутствия ответа от настроенных серверов DNS.\r\n",
      "category": 1014,
      "user": "NETWORK SERVICE\\NT AUTHORITY"
    }
  },
  {
    "computer_name": "DESKTOP-NIOUKC3",
    "session_token": "DESKTOP-NIOUKC3_2026-03-26_22-43-39",
    "type": "windows_event_grouped",
    "data": {
      "log": "system",
      "event_id": 506,
      "source": "Microsoft-Windows-Kernel-Power",
      "severity": "info",
      "event_type": "info",
      "first_time": "2026-03-26 16:08:12",
      "last_time": "2026-03-26 09:19:51",
      "count": 7,
      "message": "",
      "category": 157,
      "user": "СИСТЕМА\\NT AUTHORITY"
    }
  },
  {
    "computer_name": "DESKTOP-NIOUKC3",
    "session_token": "DESKTOP-NIOUKC3_2026-03-26_22-43-39",
    "type": "windows_event_grouped",
    "data": {
      "log": "system",
      "event_id": -2147482948,
      "source": "Win32k",
      "severity": "warning",
      "event_type": "warning",
      "first_time": "2026-03-26 16:08:12",
      "last_time": "2026-03-26 10:09:55",
      "count": 10,
      "message": "Диспетчер питания запросил подавление всех входных данных (INPUT_SUPPRESS_REQUEST=1)\r\n",
      "category": 0,
      "user": null
    }
  },
  {
    "computer_name": "DESKTOP-NIOUKC3",
    "session_token": "DESKTOP-NIOUKC3_2026-03-26_22-43-39",
    "type": "windows_event_grouped",
    "data": {
      "log": "system",
      "event_id": 1014,
      "source": "Microsoft-Windows-DNS-Client",
      "severity": "warning",
      "event_type": "warning",
      "first_time": "2026-03-26 14:14:59",
      "last_time": "2026-03-26 09:20:39",
      "count": 4,
      "message": "Разрешение имен для имени test.steampowered.com истекло после отсутствия ответа от настроенных серверов DNS.\r\n",
      "category": 1014,
      "user": "NETWORK SERVICE\\NT AUTHORITY"
    }
  },
  {
    "computer_name": "DESKTOP-NIOUKC3",
    "session_token": "DESKTOP-NIOUKC3_2026-03-26_22-43-39",
    "type": "windows_event_grouped",
    "data": {
      "log": "system",
      "event_id": 1014,
      "source": "Microsoft-Windows-DNS-Client",
      "severity": "warning",
      "event_type": "warning",
      "first_time": "2026-03-26 14:14:55",
      "last_time": "2026-03-26 11:35:29",
      "count": 4,
      "message": "Разрешение имен для имени api.steampowered.com истекло после отсутствия ответа от настроенных серверов DNS.\r\n",
      "category": 1014,
      "user": "NETWORK SERVICE\\NT AUTHORITY"
    }
  },
  {
    "computer_name": "DESKTOP-NIOUKC3",
    "session_token": "DESKTOP-NIOUKC3_2026-03-26_22-43-39",
    "type": "windows_event_grouped",
    "data": {
      "log": "system",
      "event_id": 1014,
      "source": "Microsoft-Windows-DNS-Client",
      "severity": "warning",
      "event_type": "warning",
      "first_time": "2026-03-26 14:14:31",
      "last_time": "2026-03-26 09:22:32",
      "count": 3,
      "message": "Разрешение имен для имени client-update.fastly.steamstatic.com истекло после отсутствия ответа от настроенных серверов DNS.\r\n",
      "category": 1014,
      "user": "NETWORK SERVICE\\NT AUTHORITY"
    }
  },
  {
    "timestamp": "2026-03-26 14:14:11",
    "computer_name": "DESKTOP-NIOUKC3",
    "session_token": "DESKTOP-NIOUKC3_2026-03-26_22-43-39",
    "type": "windows_event",
    "data": {
      "log": "system",
      "event_id": 1014,
      "source": "Microsoft-Windows-DNS-Client",
      "severity": "warning",
      "event_type": "warning",
      "message": "Разрешение имен для имени wpad истекло после отсутствия ответа от настроенных серверов DNS.\r\n",
      "category": 1014,
      "user": "NETWORK SERVICE\\NT AUTHORITY"
    }
  },
  {
    "timestamp": "2026-03-26 14:14:01",
    "computer_name": "DESKTOP-NIOUKC3",
    "session_token": "DESKTOP-NIOUKC3_2026-03-26_22-43-39",
    "type": "windows_event",
    "data": {
      "log": "system",
      "event_id": 1014,
      "source": "Microsoft-Windows-DNS-Client",
      "severity": "warning",
      "event_type": "warning",
      "message": "Разрешение имен для имени cmp1-sto2.steamserver.net истекло после отсутствия ответа от настроенных серверов DNS.\r\n",
      "category": 1014,
      "user": "NETWORK SERVICE\\NT AUTHORITY"
    }
  },
  {
    "computer_name": "DESKTOP-NIOUKC3",
    "session_token": "DESKTOP-NIOUKC3_2026-03-26_22-43-39",
    "type": "windows_event_grouped",
    "data": {
      "log": "system",
      "event_id": 172,
      "source": "Microsoft-Windows-Kernel-Power",
      "severity": "info",
      "event_type": "info",
      "first_time": "2026-03-26 14:13:00",
      "last_time": "2026-03-26 10:10:06",
      "count": 8,
      "message": "",
      "category": 203,
      "user": "СИСТЕМА\\NT AUTHORITY"
    }
  },
  {
    "timestamp": "2026-03-26 12:00:20",
    "computer_name": "DESKTOP-NIOUKC3",
    "session_token": "DESKTOP-NIOUKC3_2026-03-26_22-43-39",
    "type": "windows_event",
    "data": {
      "log": "system",
      "event_id": -2147477635,
      "source": "EventLog",
      "severity": "info",
      "event_type": "info",
      "message": "Время работоспособного состояния 80739 сек.\r\n",
      "category": 0,
      "user": null
    }
  },
  {
    "timestamp": "2026-03-26 11:38:50",
    "computer_name": "DESKTOP-NIOUKC3",
    "session_token": "DESKTOP-NIOUKC3_2026-03-26_22-43-39",
    "type": "windows_event",
    "data": {
      "log": "system",
      "event_id": 10016,
      "source": "DCOM",
      "severity": "warning",
      "event_type": "warning",
      "message": "<The description for Event ID ( 10016 ) in Source ( 'DCOM' ) could not be found. It contains the following insertion string(s):'для конкретного приложения, Локально, Активация, {8BC3F05E-D86B-11D0-A075-00C04FB68820}, {8BC3F05E-D86B-11D0-A075-00C04FB68820}, DESKTOP-NIOUKC3, etotimoxa, S-1-5-21-2716794194-4269959084-1182274369-1001, LocalHost (с использованием LRPC), Недоступно, S-1-15-2-3545859098-1301100724-3842261633-2087004110-2730760941-3193659157-3862890424'.>",
      "category": 0,
      "user": "etotimoxa\\DESKTOP-NIOUKC3"
    }
  },
  {
    "timestamp": "2026-03-26 11:37:56",
    "computer_name": "DESKTOP-NIOUKC3",
    "session_token": "DESKTOP-NIOUKC3_2026-03-26_22-43-39",
    "type": "windows_event",
    "data": {
      "log": "system",
      "event_id": 1014,
      "source": "Microsoft-Windows-DNS-Client",
      "severity": "warning",
      "event_type": "warning",
      "message": "Разрешение имен для имени cmp1-fra2.steamserver.net истекло после отсутствия ответа от настроенных серверов DNS.\r\n",
      "category": 1014,
      "user": "NETWORK SERVICE\\NT AUTHORITY"
    }
  },
  {
    "computer_name": "DESKTOP-NIOUKC3",
    "session_token": "DESKTOP-NIOUKC3_2026-03-26_22-43-39",
    "type": "windows_event_grouped",
    "data": {
      "log": "system",
      "event_id": 1014,
      "source": "Microsoft-Windows-DNS-Client",
      "severity": "warning",
      "event_type": "warning",
      "first_time": "2026-03-26 11:35:00",
      "last_time": "2026-03-26 11:04:52",
      "count": 2,
      "message": "Разрешение имен для имени win1910.ipv6.microsoft.com. истекло после отсутствия ответа от настроенных серверов DNS.\r\n",
      "category": 1014,
      "user": "NETWORK SERVICE\\NT AUTHORITY"
    }
  },
  {
    "timestamp": "2026-03-26 11:34:58",
    "computer_name": "DESKTOP-NIOUKC3",
    "session_token": "DESKTOP-NIOUKC3_2026-03-26_22-43-39",
    "type": "windows_event",
    "data": {
      "log": "system",
      "event_id": 10016,
      "source": "DCOM",
      "severity": "warning",
      "event_type": "warning",
      "message": "<The description for Event ID ( 10016 ) in Source ( 'DCOM' ) could not be found. It contains the following insertion string(s):'по умолчанию для компьютера, Локально, Активация, {F87B28F1-DA9A-4F35-8EC0-800EFCF26B83}, {0868DC9B-D9A2-4F64-9362-133CEA201299}, NT AUTHORITY, NETWORK SERVICE, S-1-5-20, LocalHost (с использованием LRPC), Недоступно, Недоступно'.>",
      "category": 0,
      "user": "NETWORK SERVICE\\NT AUTHORITY"
    }
  },
  {
    "timestamp": "2026-03-26 10:54:41",
    "computer_name": "DESKTOP-NIOUKC3",
    "session_token": "DESKTOP-NIOUKC3_2026-03-26_22-43-39",
    "type": "windows_event",
    "data": {
      "log": "system",
      "event_id": 20003,
      "source": "Microsoft-Windows-UserPnp",
      "severity": "info",
      "event_type": "info",
      "message": "Добавление службы WUDFWpdFs для экземпляра устройства с ИД SWD\\WPDBUSENUM\\_??_USBSTOR#DISK&VEN_USB&PROD_FLASH_DISK&REV_1100#7&D09C213&2#{53F56307-B6BF-11D0-94F2-00A0C91EFB8B} завершено со следующим состоянием: 0.\r\n",
      "category": 7005,
      "user": "СИСТЕМА\\NT AUTHORITY"
    }
  },
  {
    "computer_name": "DESKTOP-NIOUKC3",
    "session_token": "DESKTOP-NIOUKC3_2026-03-26_22-43-39",
    "type": "windows_event_grouped",
    "data": {
      "log": "system",
      "event_id": 10100,
      "source": "Microsoft-Windows-DriverFrameworks-UserMode",
      "severity": "info",
      "event_type": "info",
      "first_time": "2026-03-26 10:54:41",
      "last_time": "2026-03-26 09:37:05",
      "count": 2,
      "message": "Установка пакета драйверов успешно завершена.\r\n",
      "category": 48,
      "user": "СИСТЕМА\\NT AUTHORITY"
    }
  },
  {
    "computer_name": "DESKTOP-NIOUKC3",
    "session_token": "DESKTOP-NIOUKC3_2026-03-26_22-43-39",
    "type": "windows_event_grouped",
    "data": {
      "log": "system",
      "event_id": 10002,
      "source": "Microsoft-Windows-DriverFrameworks-UserMode",
      "severity": "info",
      "event_type": "info",
      "first_time": "2026-03-26 10:54:41",
      "last_time": "2026-03-26 09:37:05",
      "count": 2,
      "message": "Служба инфраструктуры драйверов пользовательского режима WpdFs (CLSID {112de495-ac4c-46f8-b663-6a4266c53313}) обновлена. Для нее необходима версия платформы 2.31.0 или более высокая версия.\r\n",
      "category": 48,
      "user": "СИСТЕМА\\NT AUTHORITY"
    }
  },
  {
    "computer_name": "DESKTOP-NIOUKC3",
    "session_token": "DESKTOP-NIOUKC3_2026-03-26_22-43-39",
    "type": "windows_event_grouped",
    "data": {
      "log": "system",
      "event_id": 1073831939,
      "source": "WPDClassInstaller",
      "severity": "info",
      "event_type": "info",
      "first_time": "2026-03-26 10:54:41",
      "last_time": "2026-03-26 09:37:05",
      "count": 2,
      "message": "<The description for Event ID ( 24579 ) in Source ( 'WPDClassInstaller' ) could not be found. It contains the following insertion string(s):''.>",
      "category": 32,
      "user": null
    }
  },
  {
    "computer_name": "DESKTOP-NIOUKC3",
    "session_token": "DESKTOP-NIOUKC3_2026-03-26_22-43-39",
    "type": "windows_event_grouped",
    "data": {
      "log": "system",
      "event_id": 1073831937,
      "source": "WPDClassInstaller",
      "severity": "info",
      "event_type": "info",
      "first_time": "2026-03-26 10:54:41",
      "last_time": "2026-03-26 09:37:05",
      "count": 2,
      "message": "<The description for Event ID ( 24577 ) in Source ( 'WPDClassInstaller' ) could not be found. It contains the following insertion string(s):''.>",
      "category": 32,
      "user": null
    }
  },
  {
    "computer_name": "DESKTOP-NIOUKC3",
    "session_token": "DESKTOP-NIOUKC3_2026-03-26_22-43-39",
    "type": "windows_event_grouped",
    "data": {
      "log": "system",
      "event_id": 1073831936,
      "source": "WPDClassInstaller",
      "severity": "info",
      "event_type": "info",
      "first_time": "2026-03-26 10:54:41",
      "last_time": "2026-03-26 09:37:05",
      "count": 2,
      "message": "<The description for Event ID ( 24576 ) in Source ( 'WPDClassInstaller' ) could not be found. It contains the following insertion string(s):'WPD Device'.>",
      "category": 16,
      "user": null
    }
  },
  {
    "timestamp": "2026-03-26 10:54:41",
    "computer_name": "DESKTOP-NIOUKC3",
    "session_token": "DESKTOP-NIOUKC3_2026-03-26_22-43-39",
    "type": "windows_event",
    "data": {
      "log": "system",
      "event_id": 10000,
      "source": "Microsoft-Windows-DriverFrameworks-UserMode",
      "severity": "info",
      "event_type": "info",
      "message": "Пакет драйверов, использующий среду выполнения платформы драйвера режима пользователя версии 2.31.0, устанавливается на устройстве SWD\\WPDBUSENUM\\_??_USBSTOR#DISK&VEN_USB&PROD_FLASH_DISK&REV_1100#7&D09C213&2#{53F56307-B6BF-11D0-94F2-00A0C91EFB8B}.\r\n",
      "category": 48,
      "user": "СИСТЕМА\\NT AUTHORITY"
    }
  },
  {
    "timestamp": "2026-03-26 10:15:59",
    "computer_name": "DESKTOP-NIOUKC3",
    "session_token": "DESKTOP-NIOUKC3_2026-03-26_22-43-39",
    "type": "windows_event",
    "data": {
      "log": "system",
      "event_id": 10010,
      "source": "DCOM",
      "severity": "error",
      "event_type": "error",
      "message": "<The description for Event ID ( 10010 ) in Source ( 'DCOM' ) could not be found. It contains the following insertion string(s):'{995C996E-D918-4A8C-A302-45719A6F4EA7}'.>",
      "category": 0,
      "user": "СИСТЕМА\\NT AUTHORITY"
    }
  },
  {
    "timestamp": "2026-03-26 09:37:05",
    "computer_name": "DESKTOP-NIOUKC3",
    "session_token": "DESKTOP-NIOUKC3_2026-03-26_22-43-39",
    "type": "windows_event",
    "data": {
      "log": "system",
      "event_id": 20003,
      "source": "Microsoft-Windows-UserPnp",
      "severity": "info",
      "event_type": "info",
      "message": "Добавление службы WUDFWpdFs для экземпляра устройства с ИД SWD\\WPDBUSENUM\\_??_USBSTOR#DISK&VEN_VENDORCO&PROD_PRODUCTCODE&REV_2.00#8236351081200117728&0#{53F56307-B6BF-11D0-94F2-00A0C91EFB8B} завершено со следующим состоянием: 0.\r\n",
      "category": 7005,
      "user": "СИСТЕМА\\NT AUTHORITY"
    }
  },
  {
    "timestamp": "2026-03-26 09:37:05",
    "computer_name": "DESKTOP-NIOUKC3",
    "session_token": "DESKTOP-NIOUKC3_2026-03-26_22-43-39",
    "type": "windows_event",
    "data": {
      "log": "system",
      "event_id": 10000,
      "source": "Microsoft-Windows-DriverFrameworks-UserMode",
      "severity": "info",
      "event_type": "info",
      "message": "Пакет драйверов, использующий среду выполнения платформы драйвера режима пользователя версии 2.31.0, устанавливается на устройстве SWD\\WPDBUSENUM\\_??_USBSTOR#DISK&VEN_VENDORCO&PROD_PRODUCTCODE&REV_2.00#8236351081200117728&0#{53F56307-B6BF-11D0-94F2-00A0C91EFB8B}.\r\n",
      "category": 48,
      "user": "СИСТЕМА\\NT AUTHORITY"
    }
  },
  {
    "timestamp": "2026-03-26 09:22:19",
    "computer_name": "DESKTOP-NIOUKC3",
    "session_token": "DESKTOP-NIOUKC3_2026-03-26_22-43-39",
    "type": "windows_event",
    "data": {
      "log": "system",
      "event_id": 1014,
      "source": "Microsoft-Windows-DNS-Client",
      "severity": "warning",
      "event_type": "warning",
      "message": "Разрешение имен для имени p2p-sto2.discovery.steamserver.net истекло после отсутствия ответа от настроенных серверов DNS.\r\n",
      "category": 1014,
      "user": "NETWORK SERVICE\\NT AUTHORITY"
    }
  },
  {
    "timestamp": "2026-03-26 09:20:28",
    "computer_name": "DESKTOP-NIOUKC3",
    "session_token": "DESKTOP-NIOUKC3_2026-03-26_22-43-39",
    "type": "windows_event",
    "data": {
      "log": "system",
      "event_id": 1,
      "source": "Microsoft-Windows-Kernel-General",
      "severity": "info",
      "event_type": "info",
      "message": "Возможное обнаружение CVE: 2026-03-26T06:20:28.7466903Z\r\nДополнительные сведения: 2026-03-26T06:20:28.7464626Z\r\n\r\nЭто событие создано после выявления попытки воспользоваться известной уязвимостью (2026-03-26T06:20:28.7466903Z).\r\nЭто событие создано процессом в режиме пользователя.\r\n\r\n",
      "category": 5,
      "user": "LOCAL SERVICE\\NT AUTHORITY"
    }
  },
  {
    "computer_name": "DESKTOP-NIOUKC3",
    "session_token": "DESKTOP-NIOUKC3_2026-03-26_22-43-39",
    "type": "windows_event_grouped",
    "data": {
      "log": "system",
      "event_id": 24,
      "source": "Microsoft-Windows-Kernel-General",
      "severity": "info",
      "event_type": "info",
      "first_time": "2026-03-26 09:20:28",
      "last_time": "2026-03-26 09:20:28",
      "count": 3,
      "message": "",
      "category": 11,
      "user": "LOCAL SERVICE\\NT AUTHORITY"
    }
  },
  {
    "timestamp": "2026-03-26 09:20:28",
    "computer_name": "DESKTOP-NIOUKC3",
    "session_token": "DESKTOP-NIOUKC3_2026-03-26_22-43-39",
    "type": "windows_event",
    "data": {
      "log": "system",
      "event_id": 1,
      "source": "Microsoft-Windows-Kernel-General",
      "severity": "info",
      "event_type": "info",
      "message": "Возможное обнаружение CVE: 2026-03-26T06:20:28.7461661Z\r\nДополнительные сведения: 2026-03-26T06:20:28.7456671Z\r\n\r\nЭто событие создано после выявления попытки воспользоваться известной уязвимостью (2026-03-26T06:20:28.7461661Z).\r\nЭто событие создано процессом в режиме пользователя.\r\n\r\n",
      "category": 5,
      "user": "LOCAL SERVICE\\NT AUTHORITY"
    }
  },
  {
    "timestamp": "2026-03-26 09:20:28",
    "computer_name": "DESKTOP-NIOUKC3",
    "session_token": "DESKTOP-NIOUKC3_2026-03-26_22-43-39",
    "type": "windows_event",
    "data": {
      "log": "system",
      "event_id": 35,
      "source": "Microsoft-Windows-Time-Service",
      "severity": "info",
      "event_type": "info",
      "message": "Служба времени выполняет синхронизацию системного времени с источником времени time.windows.com,0x9 (ntp.m|0x9|0.0.0.0:123->20.101.57.9:123) с идентификатором ссылки 154756372. Текущий номер локальной страты: 4.\r\n",
      "category": 0,
      "user": "LOCAL SERVICE\\NT AUTHORITY"
    }
  },
  {
    "timestamp": "2026-03-26 09:20:28",
    "computer_name": "DESKTOP-NIOUKC3",
    "session_token": "DESKTOP-NIOUKC3_2026-03-26_22-43-39",
    "type": "windows_event",
    "data": {
      "log": "system",
      "event_id": 1,
      "source": "Microsoft-Windows-Kernel-General",
      "severity": "info",
      "event_type": "info",
      "message": "Возможное обнаружение CVE: 2026-03-26T06:20:28.7456671Z\r\nДополнительные сведения: 2026-03-26T06:20:31.9966949Z\r\n\r\nЭто событие создано после выявления попытки воспользоваться известной уязвимостью (2026-03-26T06:20:28.7456671Z).\r\nЭто событие создано процессом в режиме пользователя.\r\n\r\n",
      "category": 5,
      "user": "LOCAL SERVICE\\NT AUTHORITY"
    }
  },
  {
    "timestamp": "2026-03-26 09:20:31",
    "computer_name": "DESKTOP-NIOUKC3",
    "session_token": "DESKTOP-NIOUKC3_2026-03-26_22-43-39",
    "type": "windows_event",
    "data": {
      "log": "system",
      "event_id": 37,
      "source": "Microsoft-Windows-Time-Service",
      "severity": "info",
      "event_type": "info",
      "message": "NTP-клиент поставщика времени получает действительные данные о времени от time.windows.com,0x9 (ntp.m|0x9|0.0.0.0:123->20.101.57.9:123).\r\n",
      "category": 0,
      "user": "LOCAL SERVICE\\NT AUTHORITY"
    }
  },
  {
    "computer_name": "DESKTOP-NIOUKC3",
    "session_token": "DESKTOP-NIOUKC3_2026-03-26_22-43-39",
    "type": "windows_event_grouped",
    "data": {
      "log": "system",
      "event_id": 134,
      "source": "Microsoft-Windows-Time-Service",
      "severity": "warning",
      "event_type": "warning",
      "first_time": "2026-03-26 09:20:30",
      "last_time": "2026-03-26 09:19:53",
      "count": 4,
      "message": "NTP-клиенту не удалось задать настроенный вручную узел в качестве источника времени из-за ошибки разрешения DNS-имен на \"time.windows.com,0x9\". NTP-клиент повторит попытку через 15 мин., а затем удвоит интервал между попытками. Ошибка: Этот хост неизвестен. (0x80072AF9)\r\n",
      "category": 0,
      "user": "LOCAL SERVICE\\NT AUTHORITY"
    }
  },
  {
    "timestamp": "2026-03-26 09:19:53",
    "computer_name": "DESKTOP-NIOUKC3",
    "session_token": "DESKTOP-NIOUKC3_2026-03-26_22-43-39",
    "type": "windows_event",
    "data": {
      "log": "system",
      "event_id": 158,
      "source": "Microsoft-Windows-Time-Service",
      "severity": "info",
      "event_type": "info",
      "message": "Поставщик времени \"VMICTimeProvider\" указал, что текущее аппаратное обеспечение и операционная среда не поддерживаются, и их работа остановлена. Это поведение ожидаемо для VMICTimeProvider в средах non-HyperV-guest. Это поведение может быть ожидаемо для текущего поставщика в текущей операционной среде.\r\n",
      "category": 0,
      "user": "LOCAL SERVICE\\NT AUTHORITY"
    }
  },
  {
    "computer_name": "DESKTOP-NIOUKC3",
    "session_token": "DESKTOP-NIOUKC3_2026-03-26_22-43-39",
    "type": "windows_event_grouped",
    "data": {
      "log": "system",
      "event_id": 10010,
      "source": "DCOM",
      "severity": "error",
      "event_type": "error",
      "first_time": "2026-03-26 07:05:46",
      "last_time": "2026-03-26 04:18:47",
      "count": 2,
      "message": "<The description for Event ID ( 10010 ) in Source ( 'DCOM' ) could not be found. It contains the following insertion string(s):'{F4DF18B4-A2CF-4B0A-8D62-954CD6AD2E33}'.>",
      "category": 0,
      "user": "etotimoxa\\DESKTOP-NIOUKC3"
    }
  },
  {
    "timestamp": "2026-03-26 06:22:36",
    "computer_name": "DESKTOP-NIOUKC3",
    "session_token": "DESKTOP-NIOUKC3_2026-03-26_22-43-39",
    "type": "windows_event",
    "data": {
      "log": "system",
      "event_id": 1074069522,
      "source": "BTHUSB",
      "severity": "info",
      "event_type": "info",
      "message": "Система Windows не может сохранить коды проверки подлинности Bluetooth (ключи связи) на локальном адаптере. Клавиатуры Bluetooth могут не работать с BIOS компьютера во время загрузки.\r\n",
      "category": 0,
      "user": null
    }
  },
  {
    "timestamp": "2026-03-26 22:43:37",
    "computer_name": "DESKTOP-NIOUKC3",
    "session_token": "DESKTOP-NIOUKC3_2026-03-26_22-43-39",
    "type": "windows_event",
    "data": {
      "log": "application",
      "event_id": 1073758208,
      "source": "Software Protection Platform Service",
      "severity": "info",
      "event_type": "info",
      "message": "Перезапуск службы защиты программного обеспечения успешно запланирован на 2026-04-02T08:35:37Z. Причина: RulesEngine.\r\n",
      "category": 0,
      "user": null
    }
  },
  {
    "computer_name": "DESKTOP-NIOUKC3",
    "session_token": "DESKTOP-NIOUKC3_2026-03-26_22-43-39",
    "type": "windows_event_grouped",
    "data": {
      "log": "application",
      "event_id": -1073725430,
      "source": "Software Protection Platform Service",
      "severity": "info",
      "event_type": "info",
      "first_time": "2026-03-26 22:43:06",
      "last_time": "2026-03-26 09:22:35",
      "count": 11,
      "message": "Миграция прежних версий без подключения к сети прошла успешно.\r\n",
      "category": 0,
      "user": null
    }
  },
  {
    "timestamp": "2026-03-26 21:29:44",
    "computer_name": "DESKTOP-NIOUKC3",
    "session_token": "DESKTOP-NIOUKC3_2026-03-26_22-43-39",
    "type": "windows_event",
    "data": {
      "log": "application",
      "event_id": 1073758208,
      "source": "Software Protection Platform Service",
      "severity": "info",
      "event_type": "info",
      "message": "Перезапуск службы защиты программного обеспечения успешно запланирован на 2026-04-02T08:34:44Z. Причина: RulesEngine.\r\n",
      "category": 0,
      "user": null
    }
  },
  {
    "timestamp": "2026-03-26 20:27:20",
    "computer_name": "DESKTOP-NIOUKC3",
    "session_token": "DESKTOP-NIOUKC3_2026-03-26_22-43-39",
    "type": "windows_event",
    "data": {
      "log": "application",
      "event_id": 1001,
      "source": "Windows Error Reporting",
      "severity": "info",
      "event_type": "info",
      "message": "Контейнер ошибки 1414391219228355177, тип 5\r\nИмя события: BEX64\r\nОтклик: Нет данных\r\nИдентификатор CAB: 0\r\n\r\nСигнатура проблемы:\r\nP1: python.exe\r\nP2: 3.12.150.1013\r\nP3: 651ac086\r\nP4: Qt6Core.dll\r\nP5: 6.10.2.0\r\nP6: 696e7645\r\nP7: 000000000001bbd8\r\nP8: c0000409\r\nP9: 0000000000000007\r\nP10: \r\n\r\nВложенные файлы:\r\n\\\\?\\C:\\ProgramData\\Microsoft\\Windows\\WER\\Temp\\WER2188.tmp.dmp\r\n\\\\?\\C:\\ProgramData\\Microsoft\\Windows\\WER\\Temp\\WER2274.tmp.WERInternalMetadata.xml\r\n\\\\?\\C:\\ProgramData\\Microsoft\\Windows\\WER\\Temp\\WER22C3.tmp.xml\r\n\\\\?\\C:\\ProgramData\\Microsoft\\Windows\\WER\\Temp\\WER22C3.tmp.csv\r\n\\\\?\\C:\\ProgramData\\Microsoft\\Windows\\WER\\Temp\\WER2321.tmp.txt\r\n\r\nЭти файлы можно найти здесь:\r\n\\\\?\\C:\\ProgramData\\Microsoft\\Windows\\WER\\ReportArchive\\AppCrash_python.exe_a7a5720fb19ca2d8f14aeac7c1e898149ed6b80_9f19a7ee_e32e1dd2-6a91-457b-93d1-5f372b3568ee\r\n\r\nСимвол анализа: \r\nПовторный поиск решения: 0\r\nИдентификатор отчета: 3af4c5e4-a8b7-429f-8d00-b10d551f59ac\r\nСостояние отчета: 268435456\r\nХэшированный контейнер: e03b56de0a7f799c03a0ed51f389aa69\r\nИдентификатор GUID CAB: 0\r\n",
      "category": 0,
      "user": null
    }
  },
  {
    "timestamp": "2026-03-26 20:27:18",
    "computer_name": "DESKTOP-NIOUKC3",
    "session_token": "DESKTOP-NIOUKC3_2026-03-26_22-43-39",
    "type": "windows_event",
    "data": {
      "log": "application",
      "event_id": 1000,
      "source": "Application Error",
      "severity": "error",
      "event_type": "error",
      "message": "Имя сбойного приложения: python.exe, версия: 3.12.150.1013, метка времени: 0x651ac086\r\nИмя сбойного модуля: Qt6Core.dll, версия: 6.10.2.0, метка времени: 0x696e7645\r\nКод исключения: 0xc0000409\r\nСмещение ошибки: 0x000000000001bbd8\r\nИдентификатор сбойного процесса: 0x5eac\r\nВремя запуска сбойного приложения: 0x01dcbd45cb06f536\r\nПуть сбойного приложения: C:\\Users\\Тимофей\\AppData\\Local\\Programs\\Python\\Python312\\python.exe\r\nПуть сбойного модуля: C:\\Users\\Тимофей\\AppData\\Local\\Programs\\Python\\Python312\\Lib\\site-packages\\PyQt6\\Qt6\\bin\\Qt6Core.dll\r\nИдентификатор отчета: 3af4c5e4-a8b7-429f-8d00-b10d551f59ac\r\nПолное имя сбойного пакета: \r\nКод приложения, связанного со сбойным пакетом: \r\n",
      "category": 100,
      "user": null
    }
  },
  {
    "timestamp": "2026-03-26 20:26:58",
    "computer_name": "DESKTOP-NIOUKC3",
    "session_token": "DESKTOP-NIOUKC3_2026-03-26_22-43-39",
    "type": "windows_event",
    "data": {
      "log": "application",
      "event_id": 1001,
      "source": "Windows Error Reporting",
      "severity": "info",
      "event_type": "info",
      "message": "Контейнер ошибки 1414391219228355177, тип 5\r\nИмя события: BEX64\r\nОтклик: Нет данных\r\nИдентификатор CAB: 0\r\n\r\nСигнатура проблемы:\r\nP1: python.exe\r\nP2: 3.12.150.1013\r\nP3: 651ac086\r\nP4: Qt6Core.dll\r\nP5: 6.10.2.0\r\nP6: 696e7645\r\nP7: 000000000001bbd8\r\nP8: c0000409\r\nP9: 0000000000000007\r\nP10: \r\n\r\nВложенные файлы:\r\n\\\\?\\C:\\ProgramData\\Microsoft\\Windows\\WER\\Temp\\WERC88B.tmp.dmp\r\n\\\\?\\C:\\ProgramData\\Microsoft\\Windows\\WER\\Temp\\WERCA51.tmp.WERInternalMetadata.xml\r\n\\\\?\\C:\\ProgramData\\Microsoft\\Windows\\WER\\Temp\\WERCAA0.tmp.xml\r\n\\\\?\\C:\\ProgramData\\Microsoft\\Windows\\WER\\Temp\\WERCAAE.tmp.csv\r\n\\\\?\\C:\\ProgramData\\Microsoft\\Windows\\WER\\Temp\\WERCAFD.tmp.txt\r\n\r\nЭти файлы можно найти здесь:\r\n\\\\?\\C:\\ProgramData\\Microsoft\\Windows\\WER\\ReportArchive\\AppCrash_python.exe_a7a5720fb19ca2d8f14aeac7c1e898149ed6b80_9f19a7ee_ce03c7bc-22cf-42df-be66-a4f2f9a82ba6\r\n\r\nСимвол анализа: \r\nПовторный поиск решения: 0\r\nИдентификатор отчета: 6829b50c-442f-490a-99cf-53c547d47cdf\r\nСостояние отчета: 268435456\r\nХэшированный контейнер: e03b56de0a7f799c03a0ed51f389aa69\r\nИдентификатор GUID CAB: 0\r\n",
      "category": 0,
      "user": null
    }
  },
  {
    "timestamp": "2026-03-26 20:26:55",
    "computer_name": "DESKTOP-NIOUKC3",
    "session_token": "DESKTOP-NIOUKC3_2026-03-26_22-43-39",
    "type": "windows_event",
    "data": {
      "log": "application",
      "event_id": 1000,
      "source": "Application Error",
      "severity": "error",
      "event_type": "error",
      "message": "Имя сбойного приложения: python.exe, версия: 3.12.150.1013, метка времени: 0x651ac086\r\nИмя сбойного модуля: Qt6Core.dll, версия: 6.10.2.0, метка времени: 0x696e7645\r\nКод исключения: 0xc0000409\r\nСмещение ошибки: 0x000000000001bbd8\r\nИдентификатор сбойного процесса: 0x6518\r\nВремя запуска сбойного приложения: 0x01dcbd45bd4c42e7\r\nПуть сбойного приложения: C:\\Users\\Тимофей\\AppData\\Local\\Programs\\Python\\Python312\\python.exe\r\nПуть сбойного модуля: C:\\Users\\Тимофей\\AppData\\Local\\Programs\\Python\\Python312\\Lib\\site-packages\\PyQt6\\Qt6\\bin\\Qt6Core.dll\r\nИдентификатор отчета: 6829b50c-442f-490a-99cf-53c547d47cdf\r\nПолное имя сбойного пакета: \r\nКод приложения, связанного со сбойным пакетом: \r\n",
      "category": 100,
      "user": null
    }
  },
  {
    "computer_name": "DESKTOP-NIOUKC3",
    "session_token": "DESKTOP-NIOUKC3_2026-03-26_22-43-39",
    "type": "windows_event_grouped",
    "data": {
      "log": "application",
      "event_id": 0,
      "source": "edgeupdate",
      "severity": "info",
      "event_type": "info",
      "first_time": "2026-03-26 20:01:50",
      "last_time": "2026-03-26 09:20:52",
      "count": 2,
      "message": "Service stopped.\r\n",
      "category": 0,
      "user": null
    }
  },
  {
    "timestamp": "2026-03-26 18:21:17",
    "computer_name": "DESKTOP-NIOUKC3",
    "session_token": "DESKTOP-NIOUKC3_2026-03-26_22-43-39",
    "type": "windows_event",
    "data": {
      "log": "application",
      "event_id": 10001,
      "source": "Microsoft-Windows-RestartManager",
      "severity": "info",
      "event_type": "info",
      "message": "Завершение сеанса 1, запущенного 2026-03-26T15:21:17.3004137Z.\r\n",
      "category": 0,
      "user": "etotimoxa\\DESKTOP-NIOUKC3"
    }
  },
  {
    "timestamp": "2026-03-26 18:21:17",
    "computer_name": "DESKTOP-NIOUKC3",
    "session_token": "DESKTOP-NIOUKC3_2026-03-26_22-43-39",
    "type": "windows_event",
    "data": {
      "log": "application",
      "event_id": 10000,
      "source": "Microsoft-Windows-RestartManager",
      "severity": "info",
      "event_type": "info",
      "message": "Запуск сеанса 1 - 2026-03-26T15:21:17.3004137Z.\r\n",
      "category": 0,
      "user": "etotimoxa\\DESKTOP-NIOUKC3"
    }
  },
  {
    "timestamp": "2026-03-26 18:21:16",
    "computer_name": "DESKTOP-NIOUKC3",
    "session_token": "DESKTOP-NIOUKC3_2026-03-26_22-43-39",
    "type": "windows_event",
    "data": {
      "log": "application",
      "event_id": 10001,
      "source": "Microsoft-Windows-RestartManager",
      "severity": "info",
      "event_type": "info",
      "message": "Завершение сеанса 1, запущенного 2026-03-26T15:21:16.6567975Z.\r\n",
      "category": 0,
      "user": "etotimoxa\\DESKTOP-NIOUKC3"
    }
  },
  {
    "timestamp": "2026-03-26 18:21:16",
    "computer_name": "DESKTOP-NIOUKC3",
    "session_token": "DESKTOP-NIOUKC3_2026-03-26_22-43-39",
    "type": "windows_event",
    "data": {
      "log": "application",
      "event_id": 10000,
      "source": "Microsoft-Windows-RestartManager",
      "severity": "info",
      "event_type": "info",
      "message": "Запуск сеанса 1 - 2026-03-26T15:21:16.6567975Z.\r\n",
      "category": 0,
      "user": "etotimoxa\\DESKTOP-NIOUKC3"
    }
  },
  {
    "timestamp": "2026-03-26 18:20:45",
    "computer_name": "DESKTOP-NIOUKC3",
    "session_token": "DESKTOP-NIOUKC3_2026-03-26_22-43-39",
    "type": "windows_event",
    "data": {
      "log": "application",
      "event_id": 10001,
      "source": "Microsoft-Windows-RestartManager",
      "severity": "info",
      "event_type": "info",
      "message": "Завершение сеанса 1, запущенного 2026-03-26T15:20:45.2002340Z.\r\n",
      "category": 0,
      "user": "etotimoxa\\DESKTOP-NIOUKC3"
    }
  },
  {
    "timestamp": "2026-03-26 18:20:45",
    "computer_name": "DESKTOP-NIOUKC3",
    "session_token": "DESKTOP-NIOUKC3_2026-03-26_22-43-39",
    "type": "windows_event",
    "data": {
      "log": "application",
      "event_id": 10000,
      "source": "Microsoft-Windows-RestartManager",
      "severity": "info",
      "event_type": "info",
      "message": "Запуск сеанса 1 - 2026-03-26T15:20:45.2002340Z.\r\n",
      "category": 0,
      "user": "etotimoxa\\DESKTOP-NIOUKC3"
    }
  },
  {
    "timestamp": "2026-03-26 18:20:44",
    "computer_name": "DESKTOP-NIOUKC3",
    "session_token": "DESKTOP-NIOUKC3_2026-03-26_22-43-39",
    "type": "windows_event",
    "data": {
      "log": "application",
      "event_id": 10001,
      "source": "Microsoft-Windows-RestartManager",
      "severity": "info",
      "event_type": "info",
      "message": "Завершение сеанса 1, запущенного 2026-03-26T15:20:44.3178402Z.\r\n",
      "category": 0,
      "user": "etotimoxa\\DESKTOP-NIOUKC3"
    }
  },
  {
    "timestamp": "2026-03-26 18:20:44",
    "computer_name": "DESKTOP-NIOUKC3",
    "session_token": "DESKTOP-NIOUKC3_2026-03-26_22-43-39",
    "type": "windows_event",
    "data": {
      "log": "application",
      "event_id": 10000,
      "source": "Microsoft-Windows-RestartManager",
      "severity": "info",
      "event_type": "info",
      "message": "Запуск сеанса 1 - 2026-03-26T15:20:44.3178402Z.\r\n",
      "category": 0,
      "user": "etotimoxa\\DESKTOP-NIOUKC3"
    }
  },
  {
    "timestamp": "2026-03-26 18:20:37",
    "computer_name": "DESKTOP-NIOUKC3",
    "session_token": "DESKTOP-NIOUKC3_2026-03-26_22-43-39",
    "type": "windows_event",
    "data": {
      "log": "application",
      "event_id": 10001,
      "source": "Microsoft-Windows-RestartManager",
      "severity": "info",
      "event_type": "info",
      "message": "Завершение сеанса 1, запущенного 2026-03-26T15:20:37.9881547Z.\r\n",
      "category": 0,
      "user": "etotimoxa\\DESKTOP-NIOUKC3"
    }
  },
  {
    "timestamp": "2026-03-26 18:20:37",
    "computer_name": "DESKTOP-NIOUKC3",
    "session_token": "DESKTOP-NIOUKC3_2026-03-26_22-43-39",
    "type": "windows_event",
    "data": {
      "log": "application",
      "event_id": 10000,
      "source": "Microsoft-Windows-RestartManager",
      "severity": "info",
      "event_type": "info",
      "message": "Запуск сеанса 1 - 2026-03-26T15:20:37.9881547Z.\r\n",
      "category": 0,
      "user": "etotimoxa\\DESKTOP-NIOUKC3"
    }
  },
  {
    "timestamp": "2026-03-26 18:16:27",
    "computer_name": "DESKTOP-NIOUKC3",
    "session_token": "DESKTOP-NIOUKC3_2026-03-26_22-43-39",
    "type": "windows_event",
    "data": {
      "log": "application",
      "event_id": -2147473625,
      "source": "Windows Search Service",
      "severity": "warning",
      "event_type": "warning",
      "message": "Хост-процесс протокола 20352 не отвечает и принудительно завершен {хост-процесс фильтра 25716}. \n\r\n",
      "category": 3,
      "user": null
    }
  },
  {
    "timestamp": "2026-03-26 18:13:52",
    "computer_name": "DESKTOP-NIOUKC3",
    "session_token": "DESKTOP-NIOUKC3_2026-03-26_22-43-39",
    "type": "windows_event",
    "data": {
      "log": "application",
      "event_id": 1073758208,
      "source": "Software Protection Platform Service",
      "severity": "info",
      "event_type": "info",
      "message": "Перезапуск службы защиты программного обеспечения успешно запланирован на 2026-04-02T08:34:52Z. Причина: RulesEngine.\r\n",
      "category": 0,
      "user": null
    }
  },
  {
    "timestamp": "2026-03-26 18:10:33",
    "computer_name": "DESKTOP-NIOUKC3",
    "session_token": "DESKTOP-NIOUKC3_2026-03-26_22-43-39",
    "type": "windows_event",
    "data": {
      "log": "application",
      "event_id": -2147483392,
      "source": "Edge",
      "severity": "info",
      "event_type": "info",
      "message": "[\r\n",
      "category": 1,
      "user": "etotimoxa\\DESKTOP-NIOUKC3"
    }
  },
  {
    "timestamp": "2026-03-26 18:09:16",
    "computer_name": "DESKTOP-NIOUKC3",
    "session_token": "DESKTOP-NIOUKC3_2026-03-26_22-43-39",
    "type": "windows_event",
    "data": {
      "log": "application",
      "event_id": 1073758208,
      "source": "Software Protection Platform Service",
      "severity": "info",
      "event_type": "info",
      "message": "Перезапуск службы защиты программного обеспечения успешно запланирован на 2026-04-02T08:35:16Z. Причина: RulesEngine.\r\n",
      "category": 0,
      "user": null
    }
  },
  {
    "timestamp": "2026-03-26 18:08:28",
    "computer_name": "DESKTOP-NIOUKC3",
    "session_token": "DESKTOP-NIOUKC3_2026-03-26_22-43-39",
    "type": "windows_event",
    "data": {
      "log": "application",
      "event_id": -1056899039,
      "source": "SideBySide",
      "severity": "error",
      "event_type": "error",
      "message": "Ошибка при создании контекста активации для \"C:\\Windows\\SystemTemp\\sdwra_5964_789659088\\browser.exe\".\r\nНе найдена зависимая сборка \"26.3.1.981,language=\"&#x2a;\",type=\"win32\",version=\"26.3.1.981\"\".\r\nИспользуйте sxstrace.exe для подробной диагностики.\r\n",
      "category": 0,
      "user": null
    }
  },
  {
    "timestamp": "2026-03-26 14:42:33",
    "computer_name": "DESKTOP-NIOUKC3",
    "session_token": "DESKTOP-NIOUKC3_2026-03-26_22-43-39",
    "type": "windows_event",
    "data": {
      "log": "application",
      "event_id": 1073758208,
      "source": "Software Protection Platform Service",
      "severity": "info",
      "event_type": "info",
      "message": "Перезапуск службы защиты программного обеспечения успешно запланирован на 2026-04-02T08:35:33Z. Причина: RulesEngine.\r\n",
      "category": 0,
      "user": null
    }
  },
  {
    "timestamp": "2026-03-26 14:13:39",
    "computer_name": "DESKTOP-NIOUKC3",
    "session_token": "DESKTOP-NIOUKC3_2026-03-26_22-43-39",
    "type": "windows_event",
    "data": {
      "log": "application",
      "event_id": 1001,
      "source": "Windows Error Reporting",
      "severity": "info",
      "event_type": "info",
      "message": "Контейнер ошибки 1969291181199259084, тип 5\r\nИмя события: StoreAgentScanForUpdatesFailure0\r\nОтклик: Нет данных\r\nИдентификатор CAB: 0\r\n\r\nСигнатура проблемы:\r\nP1: Update;\r\nP2: 8024402c\r\nP3: 19045\r\nP4: 6456\r\nP5: Windows.Desktop\r\nP6: \r\nP7: \r\nP8: \r\nP9: \r\nP10: \r\n\r\nВложенные файлы:\r\n\\\\?\\C:\\ProgramData\\Microsoft\\Windows\\WER\\Temp\\WER7BB3.tmp.WERInternalMetadata.xml\r\n\r\nЭти файлы можно найти здесь:\r\n\\\\?\\C:\\ProgramData\\Microsoft\\Windows\\WER\\ReportArchive\\NonCritical_Update;_24e0d5c4b5b7767c1e5f2ce1c61250763e7514_00000000_1ba6fc9b-3d64-4edd-ab94-6c101f506e69\r\n\r\nСимвол анализа: \r\nПовторный поиск решения: 0\r\nИдентификатор отчета: 1ba6fc9b-3d64-4edd-ab94-6c101f506e69\r\nСостояние отчета: 268435556\r\nХэшированный контейнер: 66e70c550fc6de1b5b5453e542b0f5cc\r\nИдентификатор GUID CAB: 0\r\n",
      "category": 0,
      "user": null
    }
  },
  {
    "timestamp": "2026-03-26 14:13:09",
    "computer_name": "DESKTOP-NIOUKC3",
    "session_token": "DESKTOP-NIOUKC3_2026-03-26_22-43-39",
    "type": "windows_event",
    "data": {
      "log": "application",
      "event_id": -1056899039,
      "source": "SideBySide",
      "severity": "error",
      "event_type": "error",
      "message": "Ошибка при создании контекста активации для \"C:\\Windows\\SystemTemp\\sdwra_5964_301804032\\browser.exe\".\r\nНе найдена зависимая сборка \"26.3.1.981,language=\"&#x2a;\",type=\"win32\",version=\"26.3.1.981\"\".\r\nИспользуйте sxstrace.exe для подробной диагностики.\r\n",
      "category": 0,
      "user": null
    }
  },
  {
    "timestamp": "2026-03-26 14:13:03",
    "computer_name": "DESKTOP-NIOUKC3",
    "session_token": "DESKTOP-NIOUKC3_2026-03-26_22-43-39",
    "type": "windows_event",
    "data": {
      "log": "application",
      "event_id": 1001,
      "source": "Windows Error Reporting",
      "severity": "info",
      "event_type": "info",
      "message": "Контейнер ошибки , тип 0\r\nИмя события: StoreAgentScanForUpdatesFailure0\r\nОтклик: Нет данных\r\nИдентификатор CAB: 0\r\n\r\nСигнатура проблемы:\r\nP1: Update;\r\nP2: 8024402c\r\nP3: 19045\r\nP4: 6456\r\nP5: Windows.Desktop\r\nP6: \r\nP7: \r\nP8: \r\nP9: \r\nP10: \r\n\r\nВложенные файлы:\r\n\\\\?\\C:\\ProgramData\\Microsoft\\Windows\\WER\\Temp\\WER7BB3.tmp.WERInternalMetadata.xml\r\n\r\nЭти файлы можно найти здесь:\r\n\\\\?\\C:\\ProgramData\\Microsoft\\Windows\\WER\\ReportQueue\\NonCritical_Update;_24e0d5c4b5b7767c1e5f2ce1c61250763e7514_00000000_1ba6fc9b-3d64-4edd-ab94-6c101f506e69\r\n\r\nСимвол анализа: \r\nПовторный поиск решения: 0\r\nИдентификатор отчета: 1ba6fc9b-3d64-4edd-ab94-6c101f506e69\r\nСостояние отчета: 100\r\nХэшированный контейнер: \r\nИдентификатор GUID CAB: 0\r\n",
      "category": 0,
      "user": null
    }
  },
  {
    "timestamp": "2026-03-26 14:13:02",
    "computer_name": "DESKTOP-NIOUKC3",
    "session_token": "DESKTOP-NIOUKC3_2026-03-26_22-43-39",
    "type": "windows_event",
    "data": {
      "log": "application",
      "event_id": 1001,
      "source": "Windows Error Reporting",
      "severity": "info",
      "event_type": "info",
      "message": "Контейнер ошибки , тип 0\r\nИмя события: StoreAgentScanForUpdatesFailure0\r\nОтклик: Нет данных\r\nИдентификатор CAB: 0\r\n\r\nСигнатура проблемы:\r\nP1: Update;\r\nP2: 8024402c\r\nP3: 19045\r\nP4: 6456\r\nP5: Windows.Desktop\r\nP6: \r\nP7: \r\nP8: \r\nP9: \r\nP10: \r\n\r\nВложенные файлы:\r\n\r\nЭти файлы можно найти здесь:\r\n\\\\?\\C:\\ProgramData\\Microsoft\\Windows\\WER\\ReportQueue\\NonCritical_Update;_24e0d5c4b5b7767c1e5f2ce1c61250763e7514_00000000_1ba6fc9b-3d64-4edd-ab94-6c101f506e69\r\n\r\nСимвол анализа: \r\nПовторный поиск решения: 0\r\nИдентификатор отчета: 1ba6fc9b-3d64-4edd-ab94-6c101f506e69\r\nСостояние отчета: 4\r\nХэшированный контейнер: \r\nИдентификатор GUID CAB: 0\r\n",
      "category": 0,
      "user": null
    }
  },
  {
    "timestamp": "2026-03-26 11:39:45",
    "computer_name": "DESKTOP-NIOUKC3",
    "session_token": "DESKTOP-NIOUKC3_2026-03-26_22-43-39",
    "type": "windows_event",
    "data": {
      "log": "application",
      "event_id": 1073758208,
      "source": "Software Protection Platform Service",
      "severity": "info",
      "event_type": "info",
      "message": "Перезапуск службы защиты программного обеспечения успешно запланирован на 2026-04-02T08:34:45Z. Причина: RulesEngine.\r\n",
      "category": 0,
      "user": null
    }
  },
  {
    "computer_name": "DESKTOP-NIOUKC3",
    "session_token": "DESKTOP-NIOUKC3_2026-03-26_22-43-39",
    "type": "windows_event_grouped",
    "data": {
      "log": "application",
      "event_id": 1073742827,
      "source": "Software Protection Platform Service",
      "severity": "info",
      "event_type": "info",
      "first_time": "2026-03-26 11:38:55",
      "last_time": "2026-03-26 11:38:54",
      "count": 2,
      "message": "Служба защиты программного обеспечения завершила проверку состояния лицензирования.\r\nИдентификатор приложения=0ff1ce15-a989-479d-af46-f275c6370663\r\nСостояние лицензирования=\n1: fbdb3e18-a8ef-4fb3-9183-dffd60bd0984, 1, 1 [(0 [0x00000000, 1, 0], [(?)( 1 0x00000000)(?)( 2 0x00000000 0 0 msft:rm/algorithm/volume/1.0 0x00000000 238966)(?)(?)(?)(?)])(1 )(2 )(3 )]\n\n\r\n",
      "category": 0,
      "user": null
    }
  },
  {
    "timestamp": "2026-03-26 11:38:54",
    "computer_name": "DESKTOP-NIOUKC3",
    "session_token": "DESKTOP-NIOUKC3_2026-03-26_22-43-39",
    "type": "windows_event",
    "data": {
      "log": "application",
      "event_id": 1073742827,
      "source": "Software Protection Platform Service",
      "severity": "info",
      "event_type": "info",
      "message": "Служба защиты программного обеспечения завершила проверку состояния лицензирования.\r\nИдентификатор приложения=0ff1ce15-a989-479d-af46-f275c6370663\r\nСостояние лицензирования=\n1: cd18ecc0-466a-45d4-8d2e-8c4fa48ae591, 1, 1 [(0 )(1 )(2 )(3 [0x00000000, 0, 0], [( 6 0xC004F009 5 0)( 1 0x00000000)( 6 0xC004F009 5 0)(?)(?)(?)( 10 0x00000000 msft:rm/algorithm/flags/1.0)( 11 0x00000000 0xC004F009)])]\n\n\r\n",
      "category": 0,
      "user": null
    }
  },
